[I 191030 17:12:33 Judge_Service:42] _____________________START____________________________
[I 191030 17:12:33 Judge_Service:43] Searching solution_id: 1
[I 191030 17:12:33 Judger:71] COMPILING CODE: /home/isc-/Desktop/CS309_OOAD_online_judge/judger/userCodes/Main.c
[I 191030 17:12:33 Judger:45] COMPILE COMMAND: g++ /home/isc-/Desktop/CS309_OOAD_online_judge/judger/userCodes/Main.c -o /home/isc-/Desktop/CS309_OOAD_online_judge/judger/userCodes/Main
[I 191030 17:12:34 Judger:131] RUNNING CODE: /home/isc-/Desktop/CS309_OOAD_online_judge/judger/userCodes/Main 2.in
[I 191030 17:12:34 Judger:105] RUNNING COMMAND: /home/isc-/Desktop/CS309_OOAD_online_judge/judger/userCodes/Main < /home/isc-/Desktop/CS309_OOAD_online_judge/judger/data/1001/2.in > /home/isc-/Desktop/CS309_OOAD_online_judge/judger/userCodes/2.out
[D 191030 17:12:34 Judger:109] docker run -u 1000:1000 --name 2677403747829575547 -v /home/isc-/Desktop/CS309_OOAD_online_judge/judger/service/Running_Code.py:/home/isc-/Desktop/CS309_OOAD_online_judge/judger/service/Running_Code.py -v /home/isc-/Desktop/CS309_OOAD_online_judge/judger/userCodes/:/home/isc-/Desktop/CS309_OOAD_online_judge/judger/userCodes/ -v /home/isc-/Desktop/CS309_OOAD_online_judge/judger/data/1001/2.in:/home/isc-/Desktop/CS309_OOAD_online_judge/judger/data/1001/2.in judge:v2 python3 /home/isc-/Desktop/CS309_OOAD_online_judge/judger/service/Running_Code.py '/home/isc-/Desktop/CS309_OOAD_online_judge/judger/userCodes/Main < /home/isc-/Desktop/CS309_OOAD_online_judge/judger/data/1001/2.in > /home/isc-/Desktop/CS309_OOAD_online_judge/judger/userCodes/2.out' 1 134217728 '/home/isc-/Desktop/CS309_OOAD_online_judge/judger/userCodes/' 2> /home/isc-/Desktop/CS309_OOAD_online_judge/judger/userCodes/runtime_result.log
[D 191030 17:12:34 Judger:138] NOT EXISTS DOCKER_RESULT_LOG
[D 191030 17:12:35 Judger:138] NOT EXISTS DOCKER_RESULT_LOG
[D 191030 17:12:36 Judger:138] NOT EXISTS DOCKER_RESULT_LOG
[D 191030 17:12:37 Judger:145] {'time': 0.061068058013916016, 'TLE': False, 'error': '', 'MLE': False, 'memory': 131072}
[I 191030 17:24:55 Judge_Service:42] _____________________START____________________________
[I 191030 17:24:55 Judge_Service:43] Searching solution_id: 1
[I 191030 17:24:55 Judger:71] COMPILING CODE: /home/isc-/Desktop/CS309_OOAD_online_judge/judger/userCodes/Main.c
[I 191030 17:24:55 Judger:45] COMPILE COMMAND: g++ /home/isc-/Desktop/CS309_OOAD_online_judge/judger/userCodes/Main.c -o /home/isc-/Desktop/CS309_OOAD_online_judge/judger/userCodes/Main
[I 191030 17:24:55 Judger:130] RUNNING CODE: /home/isc-/Desktop/CS309_OOAD_online_judge/judger/userCodes/Main 2.in
[I 191030 17:24:55 Judger:105] RUNNING COMMAND: /home/isc-/Desktop/CS309_OOAD_online_judge/judger/userCodes/Main < /home/isc-/Desktop/CS309_OOAD_online_judge/judger/data/1001/2.in > /home/isc-/Desktop/CS309_OOAD_online_judge/judger/userCodes/2.out
[D 191030 17:24:55 Judger:108] docker run --rm -u 1000:1000 --name 1619912938546628316 -v /home/isc-/Desktop/CS309_OOAD_online_judge/judger/service/Running_Code.py:/home/isc-/Desktop/CS309_OOAD_online_judge/judger/service/Running_Code.py -v /home/isc-/Desktop/CS309_OOAD_online_judge/judger/userCodes/:/home/isc-/Desktop/CS309_OOAD_online_judge/judger/userCodes/ -v /home/isc-/Desktop/CS309_OOAD_online_judge/judger/data/1001/2.in:/home/isc-/Desktop/CS309_OOAD_online_judge/judger/data/1001/2.in judge:v2 python3 /home/isc-/Desktop/CS309_OOAD_online_judge/judger/service/Running_Code.py '/home/isc-/Desktop/CS309_OOAD_online_judge/judger/userCodes/Main < /home/isc-/Desktop/CS309_OOAD_online_judge/judger/data/1001/2.in > /home/isc-/Desktop/CS309_OOAD_online_judge/judger/userCodes/2.out' 1 134217728 '/home/isc-/Desktop/CS309_OOAD_online_judge/judger/userCodes/' 2> /home/isc-/Desktop/CS309_OOAD_online_judge/judger/userCodes/runtime_result.log
[D 191030 17:24:55 Judger:144] {'time': 0.061068058013916016, 'TLE': False, 'error': '', 'MLE': False, 'memory': 131072}
[I 191030 17:24:56 Judger:130] RUNNING CODE: /home/isc-/Desktop/CS309_OOAD_online_judge/judger/userCodes/Main 1.in
[I 191030 17:24:56 Judger:105] RUNNING COMMAND: /home/isc-/Desktop/CS309_OOAD_online_judge/judger/userCodes/Main < /home/isc-/Desktop/CS309_OOAD_online_judge/judger/data/1001/1.in > /home/isc-/Desktop/CS309_OOAD_online_judge/judger/userCodes/1.out
[D 191030 17:24:56 Judger:108] docker run --rm -u 1000:1000 --name 697768695405109708 -v /home/isc-/Desktop/CS309_OOAD_online_judge/judger/service/Running_Code.py:/home/isc-/Desktop/CS309_OOAD_online_judge/judger/service/Running_Code.py -v /home/isc-/Desktop/CS309_OOAD_online_judge/judger/userCodes/:/home/isc-/Desktop/CS309_OOAD_online_judge/judger/userCodes/ -v /home/isc-/Desktop/CS309_OOAD_online_judge/judger/data/1001/1.in:/home/isc-/Desktop/CS309_OOAD_online_judge/judger/data/1001/1.in judge:v2 python3 /home/isc-/Desktop/CS309_OOAD_online_judge/judger/service/Running_Code.py '/home/isc-/Desktop/CS309_OOAD_online_judge/judger/userCodes/Main < /home/isc-/Desktop/CS309_OOAD_online_judge/judger/data/1001/1.in > /home/isc-/Desktop/CS309_OOAD_online_judge/judger/userCodes/1.out' 1 134217728 '/home/isc-/Desktop/CS309_OOAD_online_judge/judger/userCodes/' 2> /home/isc-/Desktop/CS309_OOAD_online_judge/judger/userCodes/runtime_result.log
[D 191030 17:24:56 Judger:144] {'error': '', 'memory': 331776, 'time': 0.03323769569396973, 'MLE': False, 'TLE': False}
[D 191030 17:24:57 Judger:172] {'time': 0.09430575370788574, 'error': '', 'TLE': False, 'MLE': False, 'memory': 462848}
[D 191030 17:24:57 Judge_Service:56] Searching end with the result '{'time': 0.09430575370788574, 'memory': 462848, 'result': 4, 'error': ''}'
[I 191030 17:24:57 Judge_Service:58] ______________________END_____________________________
[I 191030 17:24:57 Judge_Service:42] _____________________START____________________________
[I 191030 17:24:57 Judge_Service:43] Searching solution_id: 2
[I 191030 17:24:57 Judger:71] COMPILING CODE: /home/isc-/Desktop/CS309_OOAD_online_judge/judger/userCodes/Main.c
[I 191030 17:24:57 Judger:45] COMPILE COMMAND: g++ /home/isc-/Desktop/CS309_OOAD_online_judge/judger/userCodes/Main.c -o /home/isc-/Desktop/CS309_OOAD_online_judge/judger/userCodes/Main
[I 191030 17:24:57 Judger:130] RUNNING CODE: /home/isc-/Desktop/CS309_OOAD_online_judge/judger/userCodes/Main 2.in
[I 191030 17:24:57 Judger:105] RUNNING COMMAND: /home/isc-/Desktop/CS309_OOAD_online_judge/judger/userCodes/Main < /home/isc-/Desktop/CS309_OOAD_online_judge/judger/data/1001/2.in > /home/isc-/Desktop/CS309_OOAD_online_judge/judger/userCodes/2.out
[D 191030 17:24:57 Judger:108] docker run --rm -u 1000:1000 --name 1527947295563582164 -v /home/isc-/Desktop/CS309_OOAD_online_judge/judger/service/Running_Code.py:/home/isc-/Desktop/CS309_OOAD_online_judge/judger/service/Running_Code.py -v /home/isc-/Desktop/CS309_OOAD_online_judge/judger/userCodes/:/home/isc-/Desktop/CS309_OOAD_online_judge/judger/userCodes/ -v /home/isc-/Desktop/CS309_OOAD_online_judge/judger/data/1001/2.in:/home/isc-/Desktop/CS309_OOAD_online_judge/judger/data/1001/2.in judge:v2 python3 /home/isc-/Desktop/CS309_OOAD_online_judge/judger/service/Running_Code.py '/home/isc-/Desktop/CS309_OOAD_online_judge/judger/userCodes/Main < /home/isc-/Desktop/CS309_OOAD_online_judge/judger/data/1001/2.in > /home/isc-/Desktop/CS309_OOAD_online_judge/judger/userCodes/2.out' 1 134217728 '/home/isc-/Desktop/CS309_OOAD_online_judge/judger/userCodes/' 2> /home/isc-/Desktop/CS309_OOAD_online_judge/judger/userCodes/runtime_result.log
[D 191030 17:24:57 Judger:137] NOT EXISTS DOCKER_RESULT_LOG
[I 191030 17:29:16 Judge_Service:42] _____________________START____________________________
[I 191030 17:29:16 Judge_Service:43] Searching solution_id: 2
[I 191030 17:29:16 Judger:71] COMPILING CODE: /home/isc-/Desktop/CS309_OOAD_online_judge/judger/userCodes/Main.c
[I 191030 17:29:16 Judger:45] COMPILE COMMAND: g++ /home/isc-/Desktop/CS309_OOAD_online_judge/judger/userCodes/Main.c -o /home/isc-/Desktop/CS309_OOAD_online_judge/judger/userCodes/Main
[I 191030 17:29:16 Judger:130] RUNNING CODE: /home/isc-/Desktop/CS309_OOAD_online_judge/judger/userCodes/Main 2.in
[I 191030 17:29:16 Judger:105] RUNNING COMMAND: /home/isc-/Desktop/CS309_OOAD_online_judge/judger/userCodes/Main < /home/isc-/Desktop/CS309_OOAD_online_judge/judger/data/1001/2.in > /home/isc-/Desktop/CS309_OOAD_online_judge/judger/userCodes/2.out
[D 191030 17:29:16 Judger:108] docker run --rm -u 1000:1000 --name 4440920987482980396 -v /home/isc-/Desktop/CS309_OOAD_online_judge/judger/service/Running_Code.py:/home/isc-/Desktop/CS309_OOAD_online_judge/judger/service/Running_Code.py -v /home/isc-/Desktop/CS309_OOAD_online_judge/judger/userCodes/:/home/isc-/Desktop/CS309_OOAD_online_judge/judger/userCodes/ -v /home/isc-/Desktop/CS309_OOAD_online_judge/judger/data/1001/2.in:/home/isc-/Desktop/CS309_OOAD_online_judge/judger/data/1001/2.in judge:v2 python3 /home/isc-/Desktop/CS309_OOAD_online_judge/judger/service/Running_Code.py '/home/isc-/Desktop/CS309_OOAD_online_judge/judger/userCodes/Main < /home/isc-/Desktop/CS309_OOAD_online_judge/judger/data/1001/2.in > /home/isc-/Desktop/CS309_OOAD_online_judge/judger/userCodes/2.out' 1 134217728 '/home/isc-/Desktop/CS309_OOAD_online_judge/judger/userCodes/' 2> /home/isc-/Desktop/CS309_OOAD_online_judge/judger/userCodes/runtime_result.log
[D 191030 17:29:17 Judger:144] {'TLE': False, 'MLE': False, 'memory': 45056, 'error': '', 'time': 0.002515077590942383}
[I 191030 17:29:17 Judger:130] RUNNING CODE: /home/isc-/Desktop/CS309_OOAD_online_judge/judger/userCodes/Main 1.in
[I 191030 17:29:17 Judger:105] RUNNING COMMAND: /home/isc-/Desktop/CS309_OOAD_online_judge/judger/userCodes/Main < /home/isc-/Desktop/CS309_OOAD_online_judge/judger/data/1001/1.in > /home/isc-/Desktop/CS309_OOAD_online_judge/judger/userCodes/1.out
[D 191030 17:29:17 Judger:108] docker run --rm -u 1000:1000 --name 7217617174640126166 -v /home/isc-/Desktop/CS309_OOAD_online_judge/judger/service/Running_Code.py:/home/isc-/Desktop/CS309_OOAD_online_judge/judger/service/Running_Code.py -v /home/isc-/Desktop/CS309_OOAD_online_judge/judger/userCodes/:/home/isc-/Desktop/CS309_OOAD_online_judge/judger/userCodes/ -v /home/isc-/Desktop/CS309_OOAD_online_judge/judger/data/1001/1.in:/home/isc-/Desktop/CS309_OOAD_online_judge/judger/data/1001/1.in judge:v2 python3 /home/isc-/Desktop/CS309_OOAD_online_judge/judger/service/Running_Code.py '/home/isc-/Desktop/CS309_OOAD_online_judge/judger/userCodes/Main < /home/isc-/Desktop/CS309_OOAD_online_judge/judger/data/1001/1.in > /home/isc-/Desktop/CS309_OOAD_online_judge/judger/userCodes/1.out' 1 134217728 '/home/isc-/Desktop/CS309_OOAD_online_judge/judger/userCodes/' 2> /home/isc-/Desktop/CS309_OOAD_online_judge/judger/userCodes/runtime_result.log
[D 191030 17:29:17 Judger:144] {'memory': 45056, 'MLE': False, 'time': 0.004281282424926758, 'error': '', 'TLE': False}
[D 191030 17:29:18 Judger:172] {'time': 0.006796360015869141, 'error': '', 'TLE': False, 'MLE': False, 'memory': 90112}
[D 191030 17:29:18 Judge_Service:56] Searching end with the result '{'time': 0.006796360015869141, 'memory': 90112, 'result': 6, 'error': ''}'
[I 191030 17:29:18 Judge_Service:58] ______________________END_____________________________
[I 191030 17:29:18 Judge_Service:42] _____________________START____________________________
[I 191030 17:29:18 Judge_Service:43] Searching solution_id: 3
[I 191030 17:29:18 Judger:71] COMPILING CODE: /home/isc-/Desktop/CS309_OOAD_online_judge/judger/userCodes/Main.c
[I 191030 17:29:18 Judger:45] COMPILE COMMAND: g++ /home/isc-/Desktop/CS309_OOAD_online_judge/judger/userCodes/Main.c -o /home/isc-/Desktop/CS309_OOAD_online_judge/judger/userCodes/Main
[D 191030 17:29:18 Judge_Service:56] Searching end with the result '{'time': 0, 'memory': 0, 'result': 11, 'error': '/home/isc-/Desktop/CS309_OOAD_online_judge/judger/userCodes/Main.c:1:2: 错误：invalid preprocessing directive #includde; did you mean #include?\n    1 | #includde <stdio.h>\n      |  ^~~~~~~~\n      |  include\n/home/isc-/Desktop/CS309_OOAD_online_judge/judger/userCodes/Main.c: 在函数‘int main()’中:\n/home/isc-/Desktop/CS309_OOAD_online_judge/judger/userCodes/Main.c:6:2: 错误：‘scanf’在此作用域中尚未声明\n    6 |  scanf("%d", &a);\n      |  ^~~~~\n/home/isc-/Desktop/CS309_OOAD_online_judge/judger/userCodes/Main.c:8:3: 错误：‘printf’在此作用域中尚未声明\n    8 |   printf("%d\\n", i);\n      |   ^~~~~~\n/home/isc-/Desktop/CS309_OOAD_online_judge/judger/userCodes/Main.c:1:1: 附注：‘printf’ is defined in header ‘<cstdio>’; did you forget to ‘#include <cstdio>’?\n  +++ |+#include <cstdio>\n    1 | #includde <stdio.h>\n'}'
[E 191030 17:29:18 DB:69] Fail to execute command 'insert into errorinfo (solution_id, error) values (3, '/home/isc-/Desktop/CS309_OOAD_online_judge/judger/userCodes/Main.c:1:2: 错误：invalid preprocessing directive #includde; did you mean #include?
        1 | #includde <stdio.h>
          |  ^~~~~~~~
          |  include
    /home/isc-/Desktop/CS309_OOAD_online_judge/judger/userCodes/Main.c: 在函数‘int main()’中:
    /home/isc-/Desktop/CS309_OOAD_online_judge/judger/userCodes/Main.c:6:2: 错误：‘scanf’在此作用域中尚未声明
        6 |  scanf("%d", &a);
          |  ^~~~~
    /home/isc-/Desktop/CS309_OOAD_online_judge/judger/userCodes/Main.c:8:3: 错误：‘printf’在此作用域中尚未声明
        8 |   printf("%d\n", i);
          |   ^~~~~~
    /home/isc-/Desktop/CS309_OOAD_online_judge/judger/userCodes/Main.c:1:1: 附注：‘printf’ is defined in header ‘<cstdio>’; did you forget to ‘#include <cstdio>’?
      +++ |+#include <cstdio>
        1 | #includde <stdio.h>
    ');' to database
[I 191030 17:29:18 Judge_Service:58] ______________________END_____________________________
[I 191030 17:29:18 Judge_Service:42] _____________________START____________________________
[I 191030 17:29:18 Judge_Service:43] Searching solution_id: 4
[I 191030 17:29:18 Judger:71] COMPILING CODE: /home/isc-/Desktop/CS309_OOAD_online_judge/judger/userCodes/Main.c
[I 191030 17:29:18 Judger:45] COMPILE COMMAND: g++ /home/isc-/Desktop/CS309_OOAD_online_judge/judger/userCodes/Main.c -o /home/isc-/Desktop/CS309_OOAD_online_judge/judger/userCodes/Main
[I 191030 17:29:18 Judger:130] RUNNING CODE: /home/isc-/Desktop/CS309_OOAD_online_judge/judger/userCodes/Main 2.in
[I 191030 17:29:18 Judger:105] RUNNING COMMAND: /home/isc-/Desktop/CS309_OOAD_online_judge/judger/userCodes/Main < /home/isc-/Desktop/CS309_OOAD_online_judge/judger/data/1001/2.in > /home/isc-/Desktop/CS309_OOAD_online_judge/judger/userCodes/2.out
[D 191030 17:29:18 Judger:108] docker run --rm -u 1000:1000 --name 2751020182671042653 -v /home/isc-/Desktop/CS309_OOAD_online_judge/judger/service/Running_Code.py:/home/isc-/Desktop/CS309_OOAD_online_judge/judger/service/Running_Code.py -v /home/isc-/Desktop/CS309_OOAD_online_judge/judger/userCodes/:/home/isc-/Desktop/CS309_OOAD_online_judge/judger/userCodes/ -v /home/isc-/Desktop/CS309_OOAD_online_judge/judger/data/1001/2.in:/home/isc-/Desktop/CS309_OOAD_online_judge/judger/data/1001/2.in judge:v2 python3 /home/isc-/Desktop/CS309_OOAD_online_judge/judger/service/Running_Code.py '/home/isc-/Desktop/CS309_OOAD_online_judge/judger/userCodes/Main < /home/isc-/Desktop/CS309_OOAD_online_judge/judger/data/1001/2.in > /home/isc-/Desktop/CS309_OOAD_online_judge/judger/userCodes/2.out' 1 134217728 '/home/isc-/Desktop/CS309_OOAD_online_judge/judger/userCodes/' 2> /home/isc-/Desktop/CS309_OOAD_online_judge/judger/userCodes/runtime_result.log
[D 191030 17:29:18 Judger:137] NOT EXISTS DOCKER_RESULT_LOG
[D 191030 17:29:19 Judger:144] {'error': 'Segmentation fault (core dumped)\n', 'TLE': False, 'memory': 45056, 'MLE': False, 'time': 0.19246554374694824}
[D 191030 17:29:19 Judger:172] {'time': 0.19246554374694824, 'error': 'Segmentation fault (core dumped)\n', 'TLE': False, 'MLE': False, 'memory': 45056}
[D 191030 17:29:19 Judge_Service:56] Searching end with the result '{'time': 0.19246554374694824, 'memory': 45056, 'result': 10, 'error': 'Segmentation fault (core dumped)\n'}'
[E 191030 17:29:19 DB:69] Fail to execute command 'insert into errorinfo (solution_id, error) values (4, 'Segmentation fault (core dumped)
    ');' to database
[I 191030 17:29:19 Judge_Service:58] ______________________END_____________________________
[I 191030 17:29:19 Judge_Service:42] _____________________START____________________________
[I 191030 17:29:19 Judge_Service:43] Searching solution_id: 5
[I 191030 17:29:19 Judger:71] COMPILING CODE: /home/isc-/Desktop/CS309_OOAD_online_judge/judger/userCodes/Main.cpp
[I 191030 17:29:19 Judger:45] COMPILE COMMAND: g++ /home/isc-/Desktop/CS309_OOAD_online_judge/judger/userCodes/Main.cpp -o /home/isc-/Desktop/CS309_OOAD_online_judge/judger/userCodes/Main
[I 191030 17:31:28 Judge_Service:42] _____________________START____________________________
[I 191030 17:31:28 Judge_Service:43] Searching solution_id: 5
[I 191030 17:31:28 Judger:71] COMPILING CODE: /home/isc-/Desktop/CS309_OOAD_online_judge/judger/userCodes/Main.cpp
[I 191030 17:31:28 Judger:45] COMPILE COMMAND: g++ /home/isc-/Desktop/CS309_OOAD_online_judge/judger/userCodes/Main.cpp -o /home/isc-/Desktop/CS309_OOAD_online_judge/judger/userCodes/Main
[I 191030 17:37:01 Judge_Service:42] _____________________START____________________________
[I 191030 17:37:01 Judge_Service:43] Searching solution_id: 5
[I 191030 17:37:01 Judger:71] COMPILING CODE: /home/isc-/Desktop/CS309_OOAD_online_judge/judger/userCodes/Main.cpp
[I 191030 17:37:01 Judger:45] COMPILE COMMAND: g++ /home/isc-/Desktop/CS309_OOAD_online_judge/judger/userCodes/Main.cpp -o /home/isc-/Desktop/CS309_OOAD_online_judge/judger/userCodes/Main
[I 191030 17:41:32 Judge_Service:42] _____________________START____________________________
[I 191030 17:41:32 Judge_Service:43] Searching solution_id: 5
[I 191030 17:41:32 Judger:71] COMPILING CODE: /home/isc-/Desktop/CS309_OOAD_online_judge/judger/userCodes/Main.cpp
[I 191030 17:41:32 Judger:45] COMPILE COMMAND: g++ /home/isc-/Desktop/CS309_OOAD_online_judge/judger/userCodes/Main.cpp -o /home/isc-/Desktop/CS309_OOAD_online_judge/judger/userCodes/Main
[I 191030 17:41:34 Judger:130] RUNNING CODE: /home/isc-/Desktop/CS309_OOAD_online_judge/judger/userCodes/Main 2.in
[I 191030 17:41:34 Judger:105] RUNNING COMMAND: /home/isc-/Desktop/CS309_OOAD_online_judge/judger/userCodes/Main < /home/isc-/Desktop/CS309_OOAD_online_judge/judger/data/1001/2.in > /home/isc-/Desktop/CS309_OOAD_online_judge/judger/userCodes/2.out
[D 191030 17:41:34 Judger:108] docker run --rm -u 1000:1000 --name 7303068148492597953 -v /home/isc-/Desktop/CS309_OOAD_online_judge/judger/service/Running_Code.py:/home/isc-/Desktop/CS309_OOAD_online_judge/judger/service/Running_Code.py -v /home/isc-/Desktop/CS309_OOAD_online_judge/judger/userCodes/:/home/isc-/Desktop/CS309_OOAD_online_judge/judger/userCodes/ -v /home/isc-/Desktop/CS309_OOAD_online_judge/judger/data/1001/2.in:/home/isc-/Desktop/CS309_OOAD_online_judge/judger/data/1001/2.in judge:v2 python3 /home/isc-/Desktop/CS309_OOAD_online_judge/judger/service/Running_Code.py '/home/isc-/Desktop/CS309_OOAD_online_judge/judger/userCodes/Main < /home/isc-/Desktop/CS309_OOAD_online_judge/judger/data/1001/2.in > /home/isc-/Desktop/CS309_OOAD_online_judge/judger/userCodes/2.out' 1 134217728 '/home/isc-/Desktop/CS309_OOAD_online_judge/judger/userCodes/' 2> /home/isc-/Desktop/CS309_OOAD_online_judge/judger/userCodes/runtime_result.log
[D 191030 17:41:34 Judger:137] NOT EXISTS DOCKER_RESULT_LOG
[D 191030 17:41:35 Judger:144] {'MLE': False, 'TLE': False, 'error': '', 'time': 0.022171974182128906, 'memory': 45056}
[I 191030 17:41:35 Judger:130] RUNNING CODE: /home/isc-/Desktop/CS309_OOAD_online_judge/judger/userCodes/Main 1.in
[I 191030 17:41:35 Judger:105] RUNNING COMMAND: /home/isc-/Desktop/CS309_OOAD_online_judge/judger/userCodes/Main < /home/isc-/Desktop/CS309_OOAD_online_judge/judger/data/1001/1.in > /home/isc-/Desktop/CS309_OOAD_online_judge/judger/userCodes/1.out
[D 191030 17:41:35 Judger:108] docker run --rm -u 1000:1000 --name 7084456165772609343 -v /home/isc-/Desktop/CS309_OOAD_online_judge/judger/service/Running_Code.py:/home/isc-/Desktop/CS309_OOAD_online_judge/judger/service/Running_Code.py -v /home/isc-/Desktop/CS309_OOAD_online_judge/judger/userCodes/:/home/isc-/Desktop/CS309_OOAD_online_judge/judger/userCodes/ -v /home/isc-/Desktop/CS309_OOAD_online_judge/judger/data/1001/1.in:/home/isc-/Desktop/CS309_OOAD_online_judge/judger/data/1001/1.in judge:v2 python3 /home/isc-/Desktop/CS309_OOAD_online_judge/judger/service/Running_Code.py '/home/isc-/Desktop/CS309_OOAD_online_judge/judger/userCodes/Main < /home/isc-/Desktop/CS309_OOAD_online_judge/judger/data/1001/1.in > /home/isc-/Desktop/CS309_OOAD_online_judge/judger/userCodes/1.out' 1 134217728 '/home/isc-/Desktop/CS309_OOAD_online_judge/judger/userCodes/' 2> /home/isc-/Desktop/CS309_OOAD_online_judge/judger/userCodes/runtime_result.log
[D 191030 17:41:35 Judger:144] {'MLE': False, 'TLE': False, 'error': '', 'time': 0.022171974182128906, 'memory': 45056}
[D 191030 17:41:36 Judger:172] {'time': 0.04434394836425781, 'error': '', 'TLE': False, 'MLE': False, 'memory': 90112}
[D 191030 17:41:36 Judge_Service:56] Searching end with the result '{'time': 0.04434394836425781, 'memory': 90112, 'result': 4, 'error': ''}'
[I 191030 17:41:36 Judge_Service:58] ______________________END_____________________________
[I 191030 17:41:36 Judge_Service:42] _____________________START____________________________
[I 191030 17:41:36 Judge_Service:43] Searching solution_id: 6
[I 191030 17:41:36 Judger:71] COMPILING CODE: /home/isc-/Desktop/CS309_OOAD_online_judge/judger/userCodes/Main.cpp
[I 191030 17:41:36 Judger:45] COMPILE COMMAND: g++ /home/isc-/Desktop/CS309_OOAD_online_judge/judger/userCodes/Main.cpp -o /home/isc-/Desktop/CS309_OOAD_online_judge/judger/userCodes/Main
[I 191030 17:42:08 Judge_Service:42] _____________________START____________________________
[I 191030 17:42:08 Judge_Service:43] Searching solution_id: 6
[I 191030 17:42:08 Judger:71] COMPILING CODE: /home/isc-/Desktop/CS309_OOAD_online_judge/judger/userCodes/Main.cpp
[I 191030 17:42:08 Judger:45] COMPILE COMMAND: g++ /home/isc-/Desktop/CS309_OOAD_online_judge/judger/userCodes/Main.cpp -o /home/isc-/Desktop/CS309_OOAD_online_judge/judger/userCodes/Main
[I 191030 17:42:09 Judger:130] RUNNING CODE: /home/isc-/Desktop/CS309_OOAD_online_judge/judger/userCodes/Main 2.in
[I 191030 17:42:09 Judger:105] RUNNING COMMAND: /home/isc-/Desktop/CS309_OOAD_online_judge/judger/userCodes/Main < /home/isc-/Desktop/CS309_OOAD_online_judge/judger/data/1001/2.in > /home/isc-/Desktop/CS309_OOAD_online_judge/judger/userCodes/2.out
[D 191030 17:42:09 Judger:108] docker run --rm -u 1000:1000 --name 7901427916136372205 -v /home/isc-/Desktop/CS309_OOAD_online_judge/judger/service/Running_Code.py:/home/isc-/Desktop/CS309_OOAD_online_judge/judger/service/Running_Code.py -v /home/isc-/Desktop/CS309_OOAD_online_judge/judger/userCodes/:/home/isc-/Desktop/CS309_OOAD_online_judge/judger/userCodes/ -v /home/isc-/Desktop/CS309_OOAD_online_judge/judger/data/1001/2.in:/home/isc-/Desktop/CS309_OOAD_online_judge/judger/data/1001/2.in judge:v2 python3 /home/isc-/Desktop/CS309_OOAD_online_judge/judger/service/Running_Code.py '/home/isc-/Desktop/CS309_OOAD_online_judge/judger/userCodes/Main < /home/isc-/Desktop/CS309_OOAD_online_judge/judger/data/1001/2.in > /home/isc-/Desktop/CS309_OOAD_online_judge/judger/userCodes/2.out' 1 134217728 '/home/isc-/Desktop/CS309_OOAD_online_judge/judger/userCodes/' 2> /home/isc-/Desktop/CS309_OOAD_online_judge/judger/userCodes/runtime_result.log
[D 191030 17:42:09 Judger:137] NOT EXISTS DOCKER_RESULT_LOG
[D 191030 17:42:10 Judger:144] {'error': '', 'TLE': False, 'time': 0.00247955322265625, 'memory': 45056, 'MLE': False}
[I 191030 17:42:10 Judger:130] RUNNING CODE: /home/isc-/Desktop/CS309_OOAD_online_judge/judger/userCodes/Main 1.in
[I 191030 17:42:10 Judger:105] RUNNING COMMAND: /home/isc-/Desktop/CS309_OOAD_online_judge/judger/userCodes/Main < /home/isc-/Desktop/CS309_OOAD_online_judge/judger/data/1001/1.in > /home/isc-/Desktop/CS309_OOAD_online_judge/judger/userCodes/1.out
[D 191030 17:42:10 Judger:108] docker run --rm -u 1000:1000 --name 4185475374091867290 -v /home/isc-/Desktop/CS309_OOAD_online_judge/judger/service/Running_Code.py:/home/isc-/Desktop/CS309_OOAD_online_judge/judger/service/Running_Code.py -v /home/isc-/Desktop/CS309_OOAD_online_judge/judger/userCodes/:/home/isc-/Desktop/CS309_OOAD_online_judge/judger/userCodes/ -v /home/isc-/Desktop/CS309_OOAD_online_judge/judger/data/1001/1.in:/home/isc-/Desktop/CS309_OOAD_online_judge/judger/data/1001/1.in judge:v2 python3 /home/isc-/Desktop/CS309_OOAD_online_judge/judger/service/Running_Code.py '/home/isc-/Desktop/CS309_OOAD_online_judge/judger/userCodes/Main < /home/isc-/Desktop/CS309_OOAD_online_judge/judger/data/1001/1.in > /home/isc-/Desktop/CS309_OOAD_online_judge/judger/userCodes/1.out' 1 134217728 '/home/isc-/Desktop/CS309_OOAD_online_judge/judger/userCodes/' 2> /home/isc-/Desktop/CS309_OOAD_online_judge/judger/userCodes/runtime_result.log
[D 191030 17:42:10 Judger:144] {'error': '', 'TLE': False, 'time': 0.00247955322265625, 'memory': 45056, 'MLE': False}
[D 191030 17:42:11 Judger:172] {'time': 0.0049591064453125, 'error': '', 'TLE': False, 'MLE': False, 'memory': 90112}
[D 191030 17:42:11 Judge_Service:56] Searching end with the result '{'time': 0.0049591064453125, 'memory': 90112, 'result': 6, 'error': ''}'
[I 191030 17:42:11 Judge_Service:58] ______________________END_____________________________
[I 191030 17:42:11 Judge_Service:42] _____________________START____________________________
[I 191030 17:42:11 Judge_Service:43] Searching solution_id: 7
[I 191030 17:42:11 Judger:71] COMPILING CODE: /home/isc-/Desktop/CS309_OOAD_online_judge/judger/userCodes/Main.cpp
[I 191030 17:42:11 Judger:45] COMPILE COMMAND: g++ /home/isc-/Desktop/CS309_OOAD_online_judge/judger/userCodes/Main.cpp -o /home/isc-/Desktop/CS309_OOAD_online_judge/judger/userCodes/Main
[D 191030 17:42:11 Judge_Service:56] Searching end with the result '{'time': 0, 'memory': 0, 'result': 11, 'error': '/home/isc-/Desktop/CS309_OOAD_online_judge/judger/userCodes/Main.cpp:1:2: 错误：invalid preprocessing directive #idnclude; did you mean #include?\n    1 | #idnclude <bits/stdc++.h>\n      |  ^~~~~~~~\n      |  include\n/home/isc-/Desktop/CS309_OOAD_online_judge/judger/userCodes/Main.cpp: 在函数‘int main()’中:\n/home/isc-/Desktop/CS309_OOAD_online_judge/judger/userCodes/Main.cpp:6:2: 错误：‘cin’在此作用域中尚未声明\n    6 |  cin >> a;\n      |  ^~~\n/home/isc-/Desktop/CS309_OOAD_online_judge/judger/userCodes/Main.cpp:1:1: 附注：‘std::cin’ is defined in header ‘<iostream>’; did you forget to ‘#include <iostream>’?\n  +++ |+#include <iostream>\n    1 | #idnclude <bits/stdc++.h>\n/home/isc-/Desktop/CS309_OOAD_online_judge/judger/userCodes/Main.cpp:8:3: 错误：‘cout’在此作用域中尚未声明\n    8 |   cout << i << endl;\n      |   ^~~~\n/home/isc-/Desktop/CS309_OOAD_online_judge/judger/userCodes/Main.cpp:8:3: 附注：‘std::cout’ is defined in header ‘<iostream>’; did you forget to ‘#include <iostream>’?\n/home/isc-/Desktop/CS309_OOAD_online_judge/judger/userCodes/Main.cpp:8:16: 错误：‘endl’在此作用域中尚未声明\n    8 |   cout << i << endl;\n      |                ^~~~\n/home/isc-/Desktop/CS309_OOAD_online_judge/judger/userCodes/Main.cpp:1:1: 附注：‘std::endl’ is defined in header ‘<ostream>’; did you forget to ‘#include <ostream>’?\n  +++ |+#include <ostream>\n    1 | #idnclude <bits/stdc++.h>\n'}'
[E 191030 17:42:11 DB:69] Fail to execute command 'insert into errorinfo (solution_id, error) values (7, '/home/isc-/Desktop/CS309_OOAD_online_judge/judger/userCodes/Main.cpp:1:2: 错误：invalid preprocessing directive #idnclude; did you mean #include?
        1 | #idnclude <bits/stdc++.h>
          |  ^~~~~~~~
          |  include
    /home/isc-/Desktop/CS309_OOAD_online_judge/judger/userCodes/Main.cpp: 在函数‘int main()’中:
    /home/isc-/Desktop/CS309_OOAD_online_judge/judger/userCodes/Main.cpp:6:2: 错误：‘cin’在此作用域中尚未声明
        6 |  cin >> a;
          |  ^~~
    /home/isc-/Desktop/CS309_OOAD_online_judge/judger/userCodes/Main.cpp:1:1: 附注：‘std::cin’ is defined in header ‘<iostream>’; did you forget to ‘#include <iostream>’?
      +++ |+#include <iostream>
        1 | #idnclude <bits/stdc++.h>
    /home/isc-/Desktop/CS309_OOAD_online_judge/judger/userCodes/Main.cpp:8:3: 错误：‘cout’在此作用域中尚未声明
        8 |   cout << i << endl;
          |   ^~~~
    /home/isc-/Desktop/CS309_OOAD_online_judge/judger/userCodes/Main.cpp:8:3: 附注：‘std::cout’ is defined in header ‘<iostream>’; did you forget to ‘#include <iostream>’?
    /home/isc-/Desktop/CS309_OOAD_online_judge/judger/userCodes/Main.cpp:8:16: 错误：‘endl’在此作用域中尚未声明
        8 |   cout << i << endl;
          |                ^~~~
    /home/isc-/Desktop/CS309_OOAD_online_judge/judger/userCodes/Main.cpp:1:1: 附注：‘std::endl’ is defined in header ‘<ostream>’; did you forget to ‘#include <ostream>’?
      +++ |+#include <ostream>
        1 | #idnclude <bits/stdc++.h>
    ');' to database
[I 191030 17:42:11 Judge_Service:58] ______________________END_____________________________
[I 191030 17:42:11 Judge_Service:42] _____________________START____________________________
[I 191030 17:42:11 Judge_Service:43] Searching solution_id: 8
[I 191030 17:42:11 Judger:71] COMPILING CODE: /home/isc-/Desktop/CS309_OOAD_online_judge/judger/userCodes/Main.cpp
[I 191030 17:42:11 Judger:45] COMPILE COMMAND: g++ /home/isc-/Desktop/CS309_OOAD_online_judge/judger/userCodes/Main.cpp -o /home/isc-/Desktop/CS309_OOAD_online_judge/judger/userCodes/Main
[I 191030 17:43:27 Judge_Service:42] _____________________START____________________________
[I 191030 17:43:27 Judge_Service:43] Searching solution_id: 8
[I 191030 17:43:27 Judger:71] COMPILING CODE: /home/isc-/Desktop/CS309_OOAD_online_judge/judger/userCodes/Main.cpp
[I 191030 17:43:27 Judger:45] COMPILE COMMAND: g++ /home/isc-/Desktop/CS309_OOAD_online_judge/judger/userCodes/Main.cpp -o /home/isc-/Desktop/CS309_OOAD_online_judge/judger/userCodes/Main
[D 191030 17:43:28 Judge_Service:56] Searching end with the result '{'time': 0, 'memory': 0, 'result': 11, 'error': '/home/isc-/Desktop/CS309_OOAD_online_judge/judger/userCodes/Main.cpp: 在函数‘int main()’中:\n/home/isc-/Desktop/CS309_OOAD_online_judge/judger/userCodes/Main.cpp:5:2: 错误：‘cin’ was not declared in this scope; did you mean ‘std::cin’?\n    5 |  cin >> a;\n      |  ^~~\n      |  std::cin\nIn file included from /usr/include/c++/9.2.0/x86_64-pc-linux-gnu/bits/stdc++.h:75,\n                 from /home/isc-/Desktop/CS309_OOAD_online_judge/judger/userCodes/Main.cpp:1:\n/usr/include/c++/9.2.0/iostream:60:18: 附注：‘std::cin’ declared here\n   60 |   extern istream cin;  /// Linked to standard input\n      |                  ^~~\n/home/isc-/Desktop/CS309_OOAD_online_judge/judger/userCodes/Main.cpp:7:3: 错误：‘cout’ was not declared in this scope; did you mean ‘std::cout’?\n    7 |   cout << i << endl;\n      |   ^~~~\n      |   std::cout\nIn file included from /usr/include/c++/9.2.0/x86_64-pc-linux-gnu/bits/stdc++.h:75,\n                 from /home/isc-/Desktop/CS309_OOAD_online_judge/judger/userCodes/Main.cpp:1:\n/usr/include/c++/9.2.0/iostream:61:18: 附注：‘std::cout’ declared here\n   61 |   extern ostream cout;  /// Linked to standard output\n      |                  ^~~~\n/home/isc-/Desktop/CS309_OOAD_online_judge/judger/userCodes/Main.cpp:7:16: 错误：‘endl’ was not declared in this scope; did you mean ‘std::endl’?\n    7 |   cout << i << endl;\n      |                ^~~~\n      |                std::endl\nIn file included from /usr/include/c++/9.2.0/istream:39,\n                 from /usr/include/c++/9.2.0/sstream:38,\n                 from /usr/include/c++/9.2.0/complex:45,\n                 from /usr/include/c++/9.2.0/ccomplex:39,\n                 from /usr/include/c++/9.2.0/x86_64-pc-linux-gnu/bits/stdc++.h:54,\n                 from /home/isc-/Desktop/CS309_OOAD_online_judge/judger/userCodes/Main.cpp:1:\n/usr/include/c++/9.2.0/ostream:599:5: 附注：‘std::endl’ declared here\n  599 |     endl(basic_ostream<_CharT, _Traits>& __os)\n      |     ^~~~\n'}'
[E 191030 17:43:28 DB:69] Fail to execute command 'insert into errorinfo (solution_id, error) values (8, '/home/isc-/Desktop/CS309_OOAD_online_judge/judger/userCodes/Main.cpp: 在函数‘int main()’中:
    /home/isc-/Desktop/CS309_OOAD_online_judge/judger/userCodes/Main.cpp:5:2: 错误：‘cin’ was not declared in this scope; did you mean ‘std::cin’?
        5 |  cin >> a;
          |  ^~~
          |  std::cin
    In file included from /usr/include/c++/9.2.0/x86_64-pc-linux-gnu/bits/stdc++.h:75,
                     from /home/isc-/Desktop/CS309_OOAD_online_judge/judger/userCodes/Main.cpp:1:
    /usr/include/c++/9.2.0/iostream:60:18: 附注：‘std::cin’ declared here
       60 |   extern istream cin;  /// Linked to standard input
          |                  ^~~
    /home/isc-/Desktop/CS309_OOAD_online_judge/judger/userCodes/Main.cpp:7:3: 错误：‘cout’ was not declared in this scope; did you mean ‘std::cout’?
        7 |   cout << i << endl;
          |   ^~~~
          |   std::cout
    In file included from /usr/include/c++/9.2.0/x86_64-pc-linux-gnu/bits/stdc++.h:75,
                     from /home/isc-/Desktop/CS309_OOAD_online_judge/judger/userCodes/Main.cpp:1:
    /usr/include/c++/9.2.0/iostream:61:18: 附注：‘std::cout’ declared here
       61 |   extern ostream cout;  /// Linked to standard output
          |                  ^~~~
    /home/isc-/Desktop/CS309_OOAD_online_judge/judger/userCodes/Main.cpp:7:16: 错误：‘endl’ was not declared in this scope; did you mean ‘std::endl’?
        7 |   cout << i << endl;
          |                ^~~~
          |                std::endl
    In file included from /usr/include/c++/9.2.0/istream:39,
                     from /usr/include/c++/9.2.0/sstream:38,
                     from /usr/include/c++/9.2.0/complex:45,
                     from /usr/include/c++/9.2.0/ccomplex:39,
                     from /usr/include/c++/9.2.0/x86_64-pc-linux-gnu/bits/stdc++.h:54,
                     from /home/isc-/Desktop/CS309_OOAD_online_judge/judger/userCodes/Main.cpp:1:
    /usr/include/c++/9.2.0/ostream:599:5: 附注：‘std::endl’ declared here
      599 |     endl(basic_ostream<_CharT, _Traits>& __os)
          |     ^~~~
    ');' to database
[I 191030 17:43:28 Judge_Service:58] ______________________END_____________________________
[I 191030 17:43:28 Judge_Service:42] _____________________START____________________________
[I 191030 17:43:28 Judge_Service:43] Searching solution_id: 9
[I 191030 17:43:28 Judger:71] COMPILING CODE: /home/isc-/Desktop/CS309_OOAD_online_judge/judger/userCodes/Main.java
[I 191030 17:43:28 Judger:62] COMPILING COMMAND: javac /home/isc-/Desktop/CS309_OOAD_online_judge/judger/userCodes/Main.java
[I 191030 17:43:28 Judger:65] Compile error
[D 191030 17:43:29 Judge_Service:56] Searching end with the result '{'time': 0, 'memory': 0, 'result': 11, 'error': ''}'
[I 191030 17:43:29 Judge_Service:58] ______________________END_____________________________
[I 191030 17:43:29 Judge_Service:42] _____________________START____________________________
[I 191030 17:43:29 Judge_Service:43] Searching solution_id: 10
[I 191030 17:43:29 Judger:71] COMPILING CODE: /home/isc-/Desktop/CS309_OOAD_online_judge/judger/userCodes/Main.java
[I 191030 17:43:29 Judger:62] COMPILING COMMAND: javac /home/isc-/Desktop/CS309_OOAD_online_judge/judger/userCodes/Main.java
[I 191030 17:43:30 Judger:130] RUNNING CODE: /home/isc-/Desktop/CS309_OOAD_online_judge/judger/userCodes/Main 2.in
[I 191030 17:43:30 Judger:105] RUNNING COMMAND: java -cp /home/isc-/Desktop/CS309_OOAD_online_judge/judger/userCodes// Main < /home/isc-/Desktop/CS309_OOAD_online_judge/judger/data/1001/2.in > /home/isc-/Desktop/CS309_OOAD_online_judge/judger/userCodes/2.out
[D 191030 17:43:30 Judger:108] docker run --rm -u 1000:1000 --name 4530325641157969157 -v /home/isc-/Desktop/CS309_OOAD_online_judge/judger/service/Running_Code.py:/home/isc-/Desktop/CS309_OOAD_online_judge/judger/service/Running_Code.py -v /home/isc-/Desktop/CS309_OOAD_online_judge/judger/userCodes/:/home/isc-/Desktop/CS309_OOAD_online_judge/judger/userCodes/ -v /home/isc-/Desktop/CS309_OOAD_online_judge/judger/data/1001/2.in:/home/isc-/Desktop/CS309_OOAD_online_judge/judger/data/1001/2.in judge:v2 python3 /home/isc-/Desktop/CS309_OOAD_online_judge/judger/service/Running_Code.py 'java -cp /home/isc-/Desktop/CS309_OOAD_online_judge/judger/userCodes// Main < /home/isc-/Desktop/CS309_OOAD_online_judge/judger/data/1001/2.in > /home/isc-/Desktop/CS309_OOAD_online_judge/judger/userCodes/2.out' 5 1207959552 '/home/isc-/Desktop/CS309_OOAD_online_judge/judger/userCodes/' 2> /home/isc-/Desktop/CS309_OOAD_online_judge/judger/userCodes/runtime_result.log
[D 191030 17:43:30 Judger:137] NOT EXISTS DOCKER_RESULT_LOG
[I 191030 17:43:36 Judge_Service:42] _____________________START____________________________
[I 191030 17:43:36 Judge_Service:43] Searching solution_id: 10
[I 191030 17:43:36 Judger:71] COMPILING CODE: /home/isc-/Desktop/CS309_OOAD_online_judge/judger/userCodes/Main.java
[I 191030 17:43:36 Judger:62] COMPILING COMMAND: javac /home/isc-/Desktop/CS309_OOAD_online_judge/judger/userCodes/Main.java
[I 191030 17:43:36 Judger:130] RUNNING CODE: /home/isc-/Desktop/CS309_OOAD_online_judge/judger/userCodes/Main 2.in
[I 191030 17:43:36 Judger:105] RUNNING COMMAND: java -cp /home/isc-/Desktop/CS309_OOAD_online_judge/judger/userCodes// Main < /home/isc-/Desktop/CS309_OOAD_online_judge/judger/data/1001/2.in > /home/isc-/Desktop/CS309_OOAD_online_judge/judger/userCodes/2.out
[D 191030 17:43:36 Judger:108] docker run --rm -u 1000:1000 --name 2917330023077586125 -v /home/isc-/Desktop/CS309_OOAD_online_judge/judger/service/Running_Code.py:/home/isc-/Desktop/CS309_OOAD_online_judge/judger/service/Running_Code.py -v /home/isc-/Desktop/CS309_OOAD_online_judge/judger/userCodes/:/home/isc-/Desktop/CS309_OOAD_online_judge/judger/userCodes/ -v /home/isc-/Desktop/CS309_OOAD_online_judge/judger/data/1001/2.in:/home/isc-/Desktop/CS309_OOAD_online_judge/judger/data/1001/2.in judge:v2 python3 /home/isc-/Desktop/CS309_OOAD_online_judge/judger/service/Running_Code.py 'java -cp /home/isc-/Desktop/CS309_OOAD_online_judge/judger/userCodes// Main < /home/isc-/Desktop/CS309_OOAD_online_judge/judger/data/1001/2.in > /home/isc-/Desktop/CS309_OOAD_online_judge/judger/userCodes/2.out' 5 1207959552 '/home/isc-/Desktop/CS309_OOAD_online_judge/judger/userCodes/' 2> /home/isc-/Desktop/CS309_OOAD_online_judge/judger/userCodes/runtime_result.log
[D 191030 17:43:36 Judger:144] {'memory': 45056, 'MLE': False, 'time': 0.21727275848388672, 'error': '', 'TLE': False}
[I 191030 17:43:37 Judger:130] RUNNING CODE: /home/isc-/Desktop/CS309_OOAD_online_judge/judger/userCodes/Main 1.in
[I 191030 17:43:37 Judger:105] RUNNING COMMAND: java -cp /home/isc-/Desktop/CS309_OOAD_online_judge/judger/userCodes// Main < /home/isc-/Desktop/CS309_OOAD_online_judge/judger/data/1001/1.in > /home/isc-/Desktop/CS309_OOAD_online_judge/judger/userCodes/1.out
[D 191030 17:43:37 Judger:108] docker run --rm -u 1000:1000 --name 5095256007452146269 -v /home/isc-/Desktop/CS309_OOAD_online_judge/judger/service/Running_Code.py:/home/isc-/Desktop/CS309_OOAD_online_judge/judger/service/Running_Code.py -v /home/isc-/Desktop/CS309_OOAD_online_judge/judger/userCodes/:/home/isc-/Desktop/CS309_OOAD_online_judge/judger/userCodes/ -v /home/isc-/Desktop/CS309_OOAD_online_judge/judger/data/1001/1.in:/home/isc-/Desktop/CS309_OOAD_online_judge/judger/data/1001/1.in judge:v2 python3 /home/isc-/Desktop/CS309_OOAD_online_judge/judger/service/Running_Code.py 'java -cp /home/isc-/Desktop/CS309_OOAD_online_judge/judger/userCodes// Main < /home/isc-/Desktop/CS309_OOAD_online_judge/judger/data/1001/1.in > /home/isc-/Desktop/CS309_OOAD_online_judge/judger/userCodes/1.out' 5 1207959552 '/home/isc-/Desktop/CS309_OOAD_online_judge/judger/userCodes/' 2> /home/isc-/Desktop/CS309_OOAD_online_judge/judger/userCodes/runtime_result.log
[D 191030 17:43:37 Judger:144] {'memory': 45056, 'MLE': False, 'time': 0.21727275848388672, 'error': '', 'TLE': False}
[I 191030 18:16:45 Judge_Service:42] _____________________START____________________________
[I 191030 18:16:45 Judge_Service:43] Searching solution_id: 10
[I 191030 18:16:45 Judger:71] COMPILING CODE: /home/isc-/Desktop/CS309_OOAD_online_judge/judger/userCodes/Main.java
[I 191030 18:16:45 Judger:62] COMPILING COMMAND: javac /home/isc-/Desktop/CS309_OOAD_online_judge/judger/userCodes/Main.java
[I 191030 18:16:47 Judger:130] RUNNING CODE: /home/isc-/Desktop/CS309_OOAD_online_judge/judger/userCodes/Main 2.in
[I 191030 18:16:47 Judger:105] RUNNING COMMAND: java -cp /home/isc-/Desktop/CS309_OOAD_online_judge/judger/userCodes// Main < /home/isc-/Desktop/CS309_OOAD_online_judge/judger/data/1001/2.in > /home/isc-/Desktop/CS309_OOAD_online_judge/judger/userCodes/2.out
[D 191030 18:16:47 Judger:108] docker run --rm -u 1000:1000 --name 2904598187060286826 -v /home/isc-/Desktop/CS309_OOAD_online_judge/judger/service/Running_Code.py:/home/isc-/Desktop/CS309_OOAD_online_judge/judger/service/Running_Code.py -v /home/isc-/Desktop/CS309_OOAD_online_judge/judger/userCodes/:/home/isc-/Desktop/CS309_OOAD_online_judge/judger/userCodes/ -v /home/isc-/Desktop/CS309_OOAD_online_judge/judger/data/1001/2.in:/home/isc-/Desktop/CS309_OOAD_online_judge/judger/data/1001/2.in judge:v2 python3 /home/isc-/Desktop/CS309_OOAD_online_judge/judger/service/Running_Code.py 'java -cp /home/isc-/Desktop/CS309_OOAD_online_judge/judger/userCodes// Main < /home/isc-/Desktop/CS309_OOAD_online_judge/judger/data/1001/2.in > /home/isc-/Desktop/CS309_OOAD_online_judge/judger/userCodes/2.out' 5 1207959552 '/home/isc-/Desktop/CS309_OOAD_online_judge/judger/userCodes/' 2> /home/isc-/Desktop/CS309_OOAD_online_judge/judger/userCodes/runtime_result.log
[D 191030 18:16:47 Judger:144] {'error': '', 'time': 0.08954477310180664, 'MLE': False, 'memory': 45056, 'TLE': False}
[I 191030 18:16:48 Judger:130] RUNNING CODE: /home/isc-/Desktop/CS309_OOAD_online_judge/judger/userCodes/Main 1.in
[I 191030 18:16:48 Judger:105] RUNNING COMMAND: java -cp /home/isc-/Desktop/CS309_OOAD_online_judge/judger/userCodes// Main < /home/isc-/Desktop/CS309_OOAD_online_judge/judger/data/1001/1.in > /home/isc-/Desktop/CS309_OOAD_online_judge/judger/userCodes/1.out
[D 191030 18:16:48 Judger:108] docker run --rm -u 1000:1000 --name 2023795369448786027 -v /home/isc-/Desktop/CS309_OOAD_online_judge/judger/service/Running_Code.py:/home/isc-/Desktop/CS309_OOAD_online_judge/judger/service/Running_Code.py -v /home/isc-/Desktop/CS309_OOAD_online_judge/judger/userCodes/:/home/isc-/Desktop/CS309_OOAD_online_judge/judger/userCodes/ -v /home/isc-/Desktop/CS309_OOAD_online_judge/judger/data/1001/1.in:/home/isc-/Desktop/CS309_OOAD_online_judge/judger/data/1001/1.in judge:v2 python3 /home/isc-/Desktop/CS309_OOAD_online_judge/judger/service/Running_Code.py 'java -cp /home/isc-/Desktop/CS309_OOAD_online_judge/judger/userCodes// Main < /home/isc-/Desktop/CS309_OOAD_online_judge/judger/data/1001/1.in > /home/isc-/Desktop/CS309_OOAD_online_judge/judger/userCodes/1.out' 5 1207959552 '/home/isc-/Desktop/CS309_OOAD_online_judge/judger/userCodes/' 2> /home/isc-/Desktop/CS309_OOAD_online_judge/judger/userCodes/runtime_result.log
[D 191030 18:16:48 Judger:144] {'error': '', 'time': 0.08006596565246582, 'TLE': False, 'MLE': False, 'memory': 45056}
[D 191030 18:16:49 Judger:172] {'time': 0.16961073875427246, 'error': '', 'TLE': False, 'MLE': False, 'memory': 90112}
[D 191030 18:16:49 Judge_Service:56] Searching end with the result '{'time': 0.16961073875427246, 'memory': 90112, 'result': 6, 'error': ''}'
[I 191030 18:16:49 Judge_Service:58] ______________________END_____________________________
[I 191030 18:16:49 Judge_Service:42] _____________________START____________________________
[I 191030 18:16:49 Judge_Service:43] Searching solution_id: 11
[I 191030 18:16:49 Judger:71] COMPILING CODE: /home/isc-/Desktop/CS309_OOAD_online_judge/judger/userCodes/Main.java
[I 191030 18:16:49 Judger:62] COMPILING COMMAND: javac /home/isc-/Desktop/CS309_OOAD_online_judge/judger/userCodes/Main.java
[I 191030 18:16:50 Judger:65] Compile error
[D 191030 18:16:51 Judge_Service:56] Searching end with the result '{'time': 0, 'memory': 0, 'result': 11, 'error': ''}'
[I 191030 18:16:51 Judge_Service:58] ______________________END_____________________________
[I 191030 18:16:51 Judge_Service:42] _____________________START____________________________
[I 191030 18:16:51 Judge_Service:43] Searching solution_id: 12
[I 191030 18:16:51 Judger:71] COMPILING CODE: /home/isc-/Desktop/CS309_OOAD_online_judge/judger/userCodes/Main.java
[I 191030 18:16:51 Judger:62] COMPILING COMMAND: javac /home/isc-/Desktop/CS309_OOAD_online_judge/judger/userCodes/Main.java
[I 191030 18:16:51 Judger:65] Compile error
[I 191030 18:22:38 Judge_Service:42] _____________________START____________________________
[I 191030 18:22:38 Judge_Service:43] Searching solution_id: 12
[I 191030 18:22:38 Judger:71] COMPILING CODE: /home/isc-/Desktop/CS309_OOAD_online_judge/judger/userCodes/Main.java
[I 191030 18:22:38 Judger:62] COMPILING COMMAND: javac /home/isc-/Desktop/CS309_OOAD_online_judge/judger/userCodes/Main.java
[I 191030 18:22:39 Judger:130] RUNNING CODE: /home/isc-/Desktop/CS309_OOAD_online_judge/judger/userCodes/Main 2.in
[I 191030 18:22:39 Judger:105] RUNNING COMMAND: java -cp /home/isc-/Desktop/CS309_OOAD_online_judge/judger/userCodes// Main < /home/isc-/Desktop/CS309_OOAD_online_judge/judger/data/1001/2.in > /home/isc-/Desktop/CS309_OOAD_online_judge/judger/userCodes/2.out
[D 191030 18:22:39 Judger:108] docker run --rm -u 1000:1000 --name 6026646442664901058 -v /home/isc-/Desktop/CS309_OOAD_online_judge/judger/service/Running_Code.py:/home/isc-/Desktop/CS309_OOAD_online_judge/judger/service/Running_Code.py -v /home/isc-/Desktop/CS309_OOAD_online_judge/judger/userCodes/:/home/isc-/Desktop/CS309_OOAD_online_judge/judger/userCodes/ -v /home/isc-/Desktop/CS309_OOAD_online_judge/judger/data/1001/2.in:/home/isc-/Desktop/CS309_OOAD_online_judge/judger/data/1001/2.in judge:v2 python3 /home/isc-/Desktop/CS309_OOAD_online_judge/judger/service/Running_Code.py 'java -cp /home/isc-/Desktop/CS309_OOAD_online_judge/judger/userCodes// Main < /home/isc-/Desktop/CS309_OOAD_online_judge/judger/data/1001/2.in > /home/isc-/Desktop/CS309_OOAD_online_judge/judger/userCodes/2.out' 5 1207959552 '/home/isc-/Desktop/CS309_OOAD_online_judge/judger/userCodes/' 2> /home/isc-/Desktop/CS309_OOAD_online_judge/judger/userCodes/runtime_result.log
[D 191030 18:22:39 Judger:137] NOT EXISTS DOCKER_RESULT_LOG
[D 191030 18:22:40 Judger:144] {'MLE': False, 'TLE': False, 'time': 0.060848236083984375, 'memory': 40960, 'error': 'Exception in thread "main" java.lang.ArrayIndexOutOfBoundsException: 10\n\tat Main.main(Main.java:7)\n'}
[D 191030 18:22:40 Judger:172] {'time': 0.060848236083984375, 'error': 'Exception in thread "main" java.lang.ArrayIndexOutOfBoundsException: 10\n\tat Main.main(Main.java:7)\n', 'TLE': False, 'MLE': False, 'memory': 40960}
[D 191030 18:22:40 Judge_Service:56] Searching end with the result '{'time': 0.060848236083984375, 'memory': 40960, 'result': 10, 'error': 'Exception in thread "main" java.lang.ArrayIndexOutOfBoundsException: 10\n\tat Main.main(Main.java:7)\n'}'
[E 191030 18:22:40 DB:69] Fail to execute command 'insert into errorinfo (solution_id, error) values (12, 'Exception in thread "main" java.lang.ArrayIndexOutOfBoundsException: 10
    	at Main.main(Main.java:7)
    ');' to database
[I 191030 18:22:40 Judge_Service:58] ______________________END_____________________________
[I 191030 18:22:40 Judge_Service:42] _____________________START____________________________
[I 191030 18:22:40 Judge_Service:43] Searching solution_id: 13
[I 191030 18:22:40 Judger:71] COMPILING CODE: /home/isc-/Desktop/CS309_OOAD_online_judge/judger/userCodes/Main.py
[I 191030 18:22:40 Judger:130] RUNNING CODE: /home/isc-/Desktop/CS309_OOAD_online_judge/judger/userCodes/Main 2.in
[I 191030 18:22:40 Judger:105] RUNNING COMMAND: python2 /home/isc-/Desktop/CS309_OOAD_online_judge/judger/userCodes/Main.py < /home/isc-/Desktop/CS309_OOAD_online_judge/judger/data/1001/2.in > /home/isc-/Desktop/CS309_OOAD_online_judge/judger/userCodes/2.out
[D 191030 18:22:40 Judger:108] docker run --rm -u 1000:1000 --name 7586355579232623223 -v /home/isc-/Desktop/CS309_OOAD_online_judge/judger/service/Running_Code.py:/home/isc-/Desktop/CS309_OOAD_online_judge/judger/service/Running_Code.py -v /home/isc-/Desktop/CS309_OOAD_online_judge/judger/userCodes/:/home/isc-/Desktop/CS309_OOAD_online_judge/judger/userCodes/ -v /home/isc-/Desktop/CS309_OOAD_online_judge/judger/data/1001/2.in:/home/isc-/Desktop/CS309_OOAD_online_judge/judger/data/1001/2.in judge:v2 python3 /home/isc-/Desktop/CS309_OOAD_online_judge/judger/service/Running_Code.py 'python2 /home/isc-/Desktop/CS309_OOAD_online_judge/judger/userCodes/Main.py < /home/isc-/Desktop/CS309_OOAD_online_judge/judger/data/1001/2.in > /home/isc-/Desktop/CS309_OOAD_online_judge/judger/userCodes/2.out' 1 134217728 '/home/isc-/Desktop/CS309_OOAD_online_judge/judger/userCodes/' 2> /home/isc-/Desktop/CS309_OOAD_online_judge/judger/userCodes/runtime_result.log
[D 191030 18:22:40 Judger:137] NOT EXISTS DOCKER_RESULT_LOG
[D 191030 18:22:41 Judger:144] {'time': 0.03419947624206543, 'error': '', 'MLE': False, 'TLE': False, 'memory': 45056}
[I 191030 18:22:41 Judger:130] RUNNING CODE: /home/isc-/Desktop/CS309_OOAD_online_judge/judger/userCodes/Main 1.in
[I 191030 18:22:41 Judger:105] RUNNING COMMAND: python2 /home/isc-/Desktop/CS309_OOAD_online_judge/judger/userCodes/Main.py < /home/isc-/Desktop/CS309_OOAD_online_judge/judger/data/1001/1.in > /home/isc-/Desktop/CS309_OOAD_online_judge/judger/userCodes/1.out
[D 191030 18:22:41 Judger:108] docker run --rm -u 1000:1000 --name 8701117165852189468 -v /home/isc-/Desktop/CS309_OOAD_online_judge/judger/service/Running_Code.py:/home/isc-/Desktop/CS309_OOAD_online_judge/judger/service/Running_Code.py -v /home/isc-/Desktop/CS309_OOAD_online_judge/judger/userCodes/:/home/isc-/Desktop/CS309_OOAD_online_judge/judger/userCodes/ -v /home/isc-/Desktop/CS309_OOAD_online_judge/judger/data/1001/1.in:/home/isc-/Desktop/CS309_OOAD_online_judge/judger/data/1001/1.in judge:v2 python3 /home/isc-/Desktop/CS309_OOAD_online_judge/judger/service/Running_Code.py 'python2 /home/isc-/Desktop/CS309_OOAD_online_judge/judger/userCodes/Main.py < /home/isc-/Desktop/CS309_OOAD_online_judge/judger/data/1001/1.in > /home/isc-/Desktop/CS309_OOAD_online_judge/judger/userCodes/1.out' 1 134217728 '/home/isc-/Desktop/CS309_OOAD_online_judge/judger/userCodes/' 2> /home/isc-/Desktop/CS309_OOAD_online_judge/judger/userCodes/runtime_result.log
[D 191030 18:22:41 Judger:144] {'time': 0.03419947624206543, 'error': '', 'MLE': False, 'TLE': False, 'memory': 45056}
[D 191030 18:22:41 Judger:172] {'time': 0.06839895248413086, 'error': '', 'TLE': False, 'MLE': False, 'memory': 90112}
[D 191030 18:22:41 Judge_Service:56] Searching end with the result '{'time': 0.06839895248413086, 'memory': 90112, 'result': 4, 'error': ''}'
[I 191030 18:22:42 Judge_Service:58] ______________________END_____________________________
[I 191030 18:22:42 Judge_Service:42] _____________________START____________________________
[I 191030 18:22:42 Judge_Service:43] Searching solution_id: 14
[I 191030 18:22:42 Judger:71] COMPILING CODE: /home/isc-/Desktop/CS309_OOAD_online_judge/judger/userCodes/Main.py
[I 191030 18:22:42 Judger:130] RUNNING CODE: /home/isc-/Desktop/CS309_OOAD_online_judge/judger/userCodes/Main 2.in
[I 191030 18:22:42 Judger:105] RUNNING COMMAND: python2 /home/isc-/Desktop/CS309_OOAD_online_judge/judger/userCodes/Main.py < /home/isc-/Desktop/CS309_OOAD_online_judge/judger/data/1001/2.in > /home/isc-/Desktop/CS309_OOAD_online_judge/judger/userCodes/2.out
[D 191030 18:22:42 Judger:108] docker run --rm -u 1000:1000 --name 365383847448845225 -v /home/isc-/Desktop/CS309_OOAD_online_judge/judger/service/Running_Code.py:/home/isc-/Desktop/CS309_OOAD_online_judge/judger/service/Running_Code.py -v /home/isc-/Desktop/CS309_OOAD_online_judge/judger/userCodes/:/home/isc-/Desktop/CS309_OOAD_online_judge/judger/userCodes/ -v /home/isc-/Desktop/CS309_OOAD_online_judge/judger/data/1001/2.in:/home/isc-/Desktop/CS309_OOAD_online_judge/judger/data/1001/2.in judge:v2 python3 /home/isc-/Desktop/CS309_OOAD_online_judge/judger/service/Running_Code.py 'python2 /home/isc-/Desktop/CS309_OOAD_online_judge/judger/userCodes/Main.py < /home/isc-/Desktop/CS309_OOAD_online_judge/judger/data/1001/2.in > /home/isc-/Desktop/CS309_OOAD_online_judge/judger/userCodes/2.out' 1 134217728 '/home/isc-/Desktop/CS309_OOAD_online_judge/judger/userCodes/' 2> /home/isc-/Desktop/CS309_OOAD_online_judge/judger/userCodes/runtime_result.log
[D 191030 18:22:42 Judger:137] NOT EXISTS DOCKER_RESULT_LOG
[D 191030 18:22:43 Judger:144] {'TLE': False, 'MLE': False, 'time': 0.009618282318115234, 'memory': 45056, 'error': ''}
[I 191030 18:22:43 Judger:130] RUNNING CODE: /home/isc-/Desktop/CS309_OOAD_online_judge/judger/userCodes/Main 1.in
[I 191030 18:22:43 Judger:105] RUNNING COMMAND: python2 /home/isc-/Desktop/CS309_OOAD_online_judge/judger/userCodes/Main.py < /home/isc-/Desktop/CS309_OOAD_online_judge/judger/data/1001/1.in > /home/isc-/Desktop/CS309_OOAD_online_judge/judger/userCodes/1.out
[D 191030 18:22:43 Judger:108] docker run --rm -u 1000:1000 --name 2856289855092918382 -v /home/isc-/Desktop/CS309_OOAD_online_judge/judger/service/Running_Code.py:/home/isc-/Desktop/CS309_OOAD_online_judge/judger/service/Running_Code.py -v /home/isc-/Desktop/CS309_OOAD_online_judge/judger/userCodes/:/home/isc-/Desktop/CS309_OOAD_online_judge/judger/userCodes/ -v /home/isc-/Desktop/CS309_OOAD_online_judge/judger/data/1001/1.in:/home/isc-/Desktop/CS309_OOAD_online_judge/judger/data/1001/1.in judge:v2 python3 /home/isc-/Desktop/CS309_OOAD_online_judge/judger/service/Running_Code.py 'python2 /home/isc-/Desktop/CS309_OOAD_online_judge/judger/userCodes/Main.py < /home/isc-/Desktop/CS309_OOAD_online_judge/judger/data/1001/1.in > /home/isc-/Desktop/CS309_OOAD_online_judge/judger/userCodes/1.out' 1 134217728 '/home/isc-/Desktop/CS309_OOAD_online_judge/judger/userCodes/' 2> /home/isc-/Desktop/CS309_OOAD_online_judge/judger/userCodes/runtime_result.log
[D 191030 18:22:43 Judger:144] {'TLE': False, 'MLE': False, 'time': 0.009618282318115234, 'memory': 45056, 'error': ''}
[D 191030 18:22:43 Judger:172] {'time': 0.01923656463623047, 'error': '', 'TLE': False, 'MLE': False, 'memory': 90112}
[D 191030 18:22:43 Judge_Service:56] Searching end with the result '{'time': 0.01923656463623047, 'memory': 90112, 'result': 6, 'error': ''}'
[I 191030 18:22:43 Judge_Service:58] ______________________END_____________________________
[I 191030 18:22:43 Judge_Service:42] _____________________START____________________________
[I 191030 18:22:43 Judge_Service:43] Searching solution_id: 15
[I 191030 18:22:43 Judger:71] COMPILING CODE: /home/isc-/Desktop/CS309_OOAD_online_judge/judger/userCodes/Main.py
[I 191030 18:22:43 Judger:130] RUNNING CODE: /home/isc-/Desktop/CS309_OOAD_online_judge/judger/userCodes/Main 2.in
[I 191030 18:22:43 Judger:105] RUNNING COMMAND: python2 /home/isc-/Desktop/CS309_OOAD_online_judge/judger/userCodes/Main.py < /home/isc-/Desktop/CS309_OOAD_online_judge/judger/data/1001/2.in > /home/isc-/Desktop/CS309_OOAD_online_judge/judger/userCodes/2.out
[D 191030 18:22:43 Judger:108] docker run --rm -u 1000:1000 --name 6047551415887199306 -v /home/isc-/Desktop/CS309_OOAD_online_judge/judger/service/Running_Code.py:/home/isc-/Desktop/CS309_OOAD_online_judge/judger/service/Running_Code.py -v /home/isc-/Desktop/CS309_OOAD_online_judge/judger/userCodes/:/home/isc-/Desktop/CS309_OOAD_online_judge/judger/userCodes/ -v /home/isc-/Desktop/CS309_OOAD_online_judge/judger/data/1001/2.in:/home/isc-/Desktop/CS309_OOAD_online_judge/judger/data/1001/2.in judge:v2 python3 /home/isc-/Desktop/CS309_OOAD_online_judge/judger/service/Running_Code.py 'python2 /home/isc-/Desktop/CS309_OOAD_online_judge/judger/userCodes/Main.py < /home/isc-/Desktop/CS309_OOAD_online_judge/judger/data/1001/2.in > /home/isc-/Desktop/CS309_OOAD_online_judge/judger/userCodes/2.out' 1 134217728 '/home/isc-/Desktop/CS309_OOAD_online_judge/judger/userCodes/' 2> /home/isc-/Desktop/CS309_OOAD_online_judge/judger/userCodes/runtime_result.log
[D 191030 18:22:43 Judger:137] NOT EXISTS DOCKER_RESULT_LOG
[D 191030 18:22:44 Judger:144] {'MLE': False, 'time': 0.011211872100830078, 'TLE': False, 'error': '', 'memory': 45056}
[I 191030 18:22:44 Judger:130] RUNNING CODE: /home/isc-/Desktop/CS309_OOAD_online_judge/judger/userCodes/Main 1.in
[I 191030 18:22:44 Judger:105] RUNNING COMMAND: python2 /home/isc-/Desktop/CS309_OOAD_online_judge/judger/userCodes/Main.py < /home/isc-/Desktop/CS309_OOAD_online_judge/judger/data/1001/1.in > /home/isc-/Desktop/CS309_OOAD_online_judge/judger/userCodes/1.out
[D 191030 18:22:44 Judger:108] docker run --rm -u 1000:1000 --name 1583020398967459279 -v /home/isc-/Desktop/CS309_OOAD_online_judge/judger/service/Running_Code.py:/home/isc-/Desktop/CS309_OOAD_online_judge/judger/service/Running_Code.py -v /home/isc-/Desktop/CS309_OOAD_online_judge/judger/userCodes/:/home/isc-/Desktop/CS309_OOAD_online_judge/judger/userCodes/ -v /home/isc-/Desktop/CS309_OOAD_online_judge/judger/data/1001/1.in:/home/isc-/Desktop/CS309_OOAD_online_judge/judger/data/1001/1.in judge:v2 python3 /home/isc-/Desktop/CS309_OOAD_online_judge/judger/service/Running_Code.py 'python2 /home/isc-/Desktop/CS309_OOAD_online_judge/judger/userCodes/Main.py < /home/isc-/Desktop/CS309_OOAD_online_judge/judger/data/1001/1.in > /home/isc-/Desktop/CS309_OOAD_online_judge/judger/userCodes/1.out' 1 134217728 '/home/isc-/Desktop/CS309_OOAD_online_judge/judger/userCodes/' 2> /home/isc-/Desktop/CS309_OOAD_online_judge/judger/userCodes/runtime_result.log
[D 191030 18:22:44 Judger:144] {'MLE': False, 'time': 0.011211872100830078, 'TLE': False, 'error': '', 'memory': 45056}
[D 191030 18:22:44 Judger:172] {'time': 0.022423744201660156, 'error': '', 'TLE': False, 'MLE': False, 'memory': 90112}
[D 191030 18:22:44 Judge_Service:56] Searching end with the result '{'time': 0.022423744201660156, 'memory': 90112, 'result': 4, 'error': ''}'
[I 191030 18:22:44 Judge_Service:58] ______________________END_____________________________
[I 191030 18:22:44 Judge_Service:42] _____________________START____________________________
[I 191030 18:22:44 Judge_Service:43] Searching solution_id: 17
[I 191030 18:22:44 Judger:71] COMPILING CODE: /home/isc-/Desktop/CS309_OOAD_online_judge/judger/userCodes/Main.py
[I 191030 18:22:44 Judger:130] RUNNING CODE: /home/isc-/Desktop/CS309_OOAD_online_judge/judger/userCodes/Main 2.in
[I 191030 18:22:44 Judger:105] RUNNING COMMAND: python /home/isc-/Desktop/CS309_OOAD_online_judge/judger/userCodes/Main.py < /home/isc-/Desktop/CS309_OOAD_online_judge/judger/data/1001/2.in > /home/isc-/Desktop/CS309_OOAD_online_judge/judger/userCodes/2.out
[D 191030 18:22:44 Judger:108] docker run --rm -u 1000:1000 --name 744027208184895441 -v /home/isc-/Desktop/CS309_OOAD_online_judge/judger/service/Running_Code.py:/home/isc-/Desktop/CS309_OOAD_online_judge/judger/service/Running_Code.py -v /home/isc-/Desktop/CS309_OOAD_online_judge/judger/userCodes/:/home/isc-/Desktop/CS309_OOAD_online_judge/judger/userCodes/ -v /home/isc-/Desktop/CS309_OOAD_online_judge/judger/data/1001/2.in:/home/isc-/Desktop/CS309_OOAD_online_judge/judger/data/1001/2.in judge:v2 python3 /home/isc-/Desktop/CS309_OOAD_online_judge/judger/service/Running_Code.py 'python /home/isc-/Desktop/CS309_OOAD_online_judge/judger/userCodes/Main.py < /home/isc-/Desktop/CS309_OOAD_online_judge/judger/data/1001/2.in > /home/isc-/Desktop/CS309_OOAD_online_judge/judger/userCodes/2.out' 1 134217728 '/home/isc-/Desktop/CS309_OOAD_online_judge/judger/userCodes/' 2> /home/isc-/Desktop/CS309_OOAD_online_judge/judger/userCodes/runtime_result.log
[D 191030 18:22:44 Judger:137] NOT EXISTS DOCKER_RESULT_LOG
[D 191030 18:22:45 Judger:144] {'MLE': False, 'TLE': False, 'error': '', 'time': 0.009605169296264648, 'memory': 36864}
[I 191030 18:22:45 Judger:130] RUNNING CODE: /home/isc-/Desktop/CS309_OOAD_online_judge/judger/userCodes/Main 1.in
[I 191030 18:22:45 Judger:105] RUNNING COMMAND: python /home/isc-/Desktop/CS309_OOAD_online_judge/judger/userCodes/Main.py < /home/isc-/Desktop/CS309_OOAD_online_judge/judger/data/1001/1.in > /home/isc-/Desktop/CS309_OOAD_online_judge/judger/userCodes/1.out
[D 191030 18:22:45 Judger:108] docker run --rm -u 1000:1000 --name 1270416409946271509 -v /home/isc-/Desktop/CS309_OOAD_online_judge/judger/service/Running_Code.py:/home/isc-/Desktop/CS309_OOAD_online_judge/judger/service/Running_Code.py -v /home/isc-/Desktop/CS309_OOAD_online_judge/judger/userCodes/:/home/isc-/Desktop/CS309_OOAD_online_judge/judger/userCodes/ -v /home/isc-/Desktop/CS309_OOAD_online_judge/judger/data/1001/1.in:/home/isc-/Desktop/CS309_OOAD_online_judge/judger/data/1001/1.in judge:v2 python3 /home/isc-/Desktop/CS309_OOAD_online_judge/judger/service/Running_Code.py 'python /home/isc-/Desktop/CS309_OOAD_online_judge/judger/userCodes/Main.py < /home/isc-/Desktop/CS309_OOAD_online_judge/judger/data/1001/1.in > /home/isc-/Desktop/CS309_OOAD_online_judge/judger/userCodes/1.out' 1 134217728 '/home/isc-/Desktop/CS309_OOAD_online_judge/judger/userCodes/' 2> /home/isc-/Desktop/CS309_OOAD_online_judge/judger/userCodes/runtime_result.log
[D 191030 18:22:45 Judger:144] {'MLE': False, 'TLE': False, 'error': '', 'time': 0.009605169296264648, 'memory': 36864}
[D 191030 18:22:45 Judger:172] {'time': 0.019210338592529297, 'error': '', 'TLE': False, 'MLE': False, 'memory': 73728}
[D 191030 18:22:45 Judge_Service:56] Searching end with the result '{'time': 0.019210338592529297, 'memory': 73728, 'result': 4, 'error': ''}'
[I 191030 18:22:45 Judge_Service:58] ______________________END_____________________________
[I 191030 18:22:45 Judge_Service:42] _____________________START____________________________
[I 191030 18:22:45 Judge_Service:43] Searching solution_id: 18
[I 191030 18:22:45 Judger:71] COMPILING CODE: /home/isc-/Desktop/CS309_OOAD_online_judge/judger/userCodes/Main.py
[I 191030 18:22:45 Judger:130] RUNNING CODE: /home/isc-/Desktop/CS309_OOAD_online_judge/judger/userCodes/Main 2.in
[I 191030 18:22:45 Judger:105] RUNNING COMMAND: python /home/isc-/Desktop/CS309_OOAD_online_judge/judger/userCodes/Main.py < /home/isc-/Desktop/CS309_OOAD_online_judge/judger/data/1001/2.in > /home/isc-/Desktop/CS309_OOAD_online_judge/judger/userCodes/2.out
[D 191030 18:22:45 Judger:108] docker run --rm -u 1000:1000 --name 9218990371594428045 -v /home/isc-/Desktop/CS309_OOAD_online_judge/judger/service/Running_Code.py:/home/isc-/Desktop/CS309_OOAD_online_judge/judger/service/Running_Code.py -v /home/isc-/Desktop/CS309_OOAD_online_judge/judger/userCodes/:/home/isc-/Desktop/CS309_OOAD_online_judge/judger/userCodes/ -v /home/isc-/Desktop/CS309_OOAD_online_judge/judger/data/1001/2.in:/home/isc-/Desktop/CS309_OOAD_online_judge/judger/data/1001/2.in judge:v2 python3 /home/isc-/Desktop/CS309_OOAD_online_judge/judger/service/Running_Code.py 'python /home/isc-/Desktop/CS309_OOAD_online_judge/judger/userCodes/Main.py < /home/isc-/Desktop/CS309_OOAD_online_judge/judger/data/1001/2.in > /home/isc-/Desktop/CS309_OOAD_online_judge/judger/userCodes/2.out' 1 134217728 '/home/isc-/Desktop/CS309_OOAD_online_judge/judger/userCodes/' 2> /home/isc-/Desktop/CS309_OOAD_online_judge/judger/userCodes/runtime_result.log
[D 191030 18:22:45 Judger:137] NOT EXISTS DOCKER_RESULT_LOG
