# JRE version: OpenJDK Runtime Environment (11.0.4+11) (build 11.0.4+11-post-Ubuntu-1ubuntu218.04.3)
# Java VM: OpenJDK 64-Bit Server VM (11.0.4+11-post-Ubuntu-1ubuntu218.04.3, mixed mode, tiered, compressed oops, serial gc, linux-amd64)
Heap:
 def new generation   total 165888K, used 165887K [0x00000000dc000000, 0x00000000e7400000, 0x00000000e8000000)
  eden space 147456K, 100% used [0x00000000dc000000, 0x00000000e5000000, 0x00000000e5000000)
  from space 18432K,  99% used [0x00000000e6200000, 0x00000000e73fffe8, 0x00000000e7400000)
  to   space 18432K,   0% used [0x00000000e5000000, 0x00000000e5000000, 0x00000000e6200000)
 tenured generation   total 368536K, used 350114K [0x00000000e8000000, 0x00000000fe7e6000, 0x0000000100000000)
   the space 368536K,  95% used [0x00000000e8000000, 0x00000000fd5e8ad8, 0x00000000fd5e8c00, 0x00000000fe7e6000)
 Metaspace       used 3787K, capacity 4100K, committed 4352K, reserved 8192K
GC Heap History (10 events):
Event: 0.337 GC heap after
{Heap after GC invocations=2 (full 0):
 def new generation   total 38720K, used 4287K [0x00000000dc000000, 0x00000000dea00000, 0x00000000e8000000)
  eden space 34432K,   0% used [0x00000000dc000000, 0x00000000dc000000, 0x00000000de1a0000)
  from space 4288K,  99% used [0x00000000de1a0000, 0x00000000de5cfff8, 0x00000000de5d0000)
  to   space 4288K,   0% used [0x00000000de5d0000, 0x00000000de5d0000, 0x00000000dea00000)
 tenured generation   total 86016K, used 63663K [0x00000000e8000000, 0x00000000ed400000, 0x0000000100000000)
   the space 86016K,  74% used [0x00000000e8000000, 0x00000000ebe2bd10, 0x00000000ebe2be00, 0x00000000ed400000)
 Metaspace       used 3787K, capacity 4100K, committed 4352K, reserved 8192K
}
Event: 0.344 GC heap before
{Heap before GC invocations=2 (full 0):
 def new generation   total 38720K, used 38719K [0x00000000dc000000, 0x00000000dea00000, 0x00000000e8000000)
  eden space 34432K, 100% used [0x00000000dc000000, 0x00000000de1a0000, 0x00000000de1a0000)
  from space 4288K,  99% used [0x00000000de1a0000, 0x00000000de5cfff8, 0x00000000de5d0000)
  to   space 4288K,   0% used [0x00000000de5d0000, 0x00000000de5d0000, 0x00000000dea00000)
 tenured generation   total 86016K, used 63663K [0x00000000e8000000, 0x00000000ed400000, 0x0000000100000000)
   the space 86016K,  74% used [0x00000000e8000000, 0x00000000ebe2bd10, 0x00000000ebe2be00, 0x00000000ed400000)
 Metaspace       used 3787K, capacity 4100K, committed 4352K, reserved 8192K
}
Event: 0.537 GC heap after
{Heap after GC invocations=3 (full 1):
 def new generation   total 73664K, used 4216K [0x00000000dc000000, 0x00000000e0fe0000, 0x00000000e8000000)
  eden space 65536K,   6% used [0x00000000dc000000, 0x00000000dc41e0f8, 0x00000000e0000000)
  from space 8128K,   0% used [0x00000000e0000000, 0x00000000e0000000, 0x00000000e07f0000)
  to   space 8128K,   0% used [0x00000000e07f0000, 0x00000000e07f0000, 0x00000000e0fe0000)
 tenured generation   total 163520K, used 98111K [0x00000000e8000000, 0x00000000f1fb0000, 0x0000000100000000)
   the space 163520K,  59% used [0x00000000e8000000, 0x00000000edfcfe00, 0x00000000edfcfe00, 0x00000000f1fb0000)
 Metaspace       used 3787K, capacity 4100K, committed 4352K, reserved 8192K
}
Event: 0.571 GC heap before
{Heap before GC invocations=3 (full 1):
 def new generation   total 73664K, used 65535K [0x00000000dc000000, 0x00000000e0fe0000, 0x00000000e8000000)
  eden space 65536K,  99% used [0x00000000dc000000, 0x00000000dffffc78, 0x00000000e0000000)
  from space 8128K,   0% used [0x00000000e0000000, 0x00000000e0000000, 0x00000000e07f0000)
  to   space 8128K,   0% used [0x00000000e07f0000, 0x00000000e07f0000, 0x00000000e0fe0000)
 tenured generation   total 163520K, used 98111K [0x00000000e8000000, 0x00000000f1fb0000, 0x0000000100000000)
   the space 163520K,  59% used [0x00000000e8000000, 0x00000000edfcfe00, 0x00000000edfcfe00, 0x00000000f1fb0000)
 Metaspace       used 3787K, capacity 4100K, committed 4352K, reserved 8192K
}
Event: 0.714 GC heap after
{Heap after GC invocations=4 (full 1):
 def new generation   total 73664K, used 8127K [0x00000000dc000000, 0x00000000e0fe0000, 0x00000000e8000000)
  eden space 65536K,   0% used [0x00000000dc000000, 0x00000000dc000000, 0x00000000e0000000)
  from space 8128K,  99% used [0x00000000e07f0000, 0x00000000e0fdfff8, 0x00000000e0fe0000)
  to   space 8128K,   0% used [0x00000000e0000000, 0x00000000e0000000, 0x00000000e07f0000)
 tenured generation   total 163520K, used 155468K [0x00000000e8000000, 0x00000000f1fb0000, 0x0000000100000000)
   the space 163520K,  95% used [0x00000000e8000000, 0x00000000f17d32a0, 0x00000000f17d3400, 0x00000000f1fb0000)
 Metaspace       used 3787K, capacity 4100K, committed 4352K, reserved 8192K
}
Event: 0.728 GC heap before
{Heap before GC invocations=4 (full 1):
 def new generation   total 73664K, used 73663K [0x00000000dc000000, 0x00000000e0fe0000, 0x00000000e8000000)
  eden space 65536K, 100% used [0x00000000dc000000, 0x00000000e0000000, 0x00000000e0000000)
  from space 8128K,  99% used [0x00000000e07f0000, 0x00000000e0fdfff8, 0x00000000e0fe0000)
  to   space 8128K,   0% used [0x00000000e0000000, 0x00000000e0000000, 0x00000000e07f0000)
 tenured generation   total 163520K, used 155468K [0x00000000e8000000, 0x00000000f1fb0000, 0x0000000100000000)
   the space 163520K,  95% used [0x00000000e8000000, 0x00000000f17d32a0, 0x00000000f17d3400, 0x00000000f1fb0000)
 Metaspace       used 3787K, capacity 4100K, committed 4352K, reserved 8192K
}
Event: 1.125 GC heap after
{Heap after GC invocations=5 (full 2):
 def new generation   total 165888K, used 7956K [0x00000000dc000000, 0x00000000e7400000, 0x00000000e8000000)
  eden space 147456K,   5% used [0x00000000dc000000, 0x00000000dc7c5028, 0x00000000e5000000)
  from space 18432K,   0% used [0x00000000e5000000, 0x00000000e5000000, 0x00000000e6200000)
  to   space 18432K,   0% used [0x00000000e6200000, 0x00000000e6200000, 0x00000000e7400000)
 tenured generation   total 368536K, used 221119K [0x00000000e8000000, 0x00000000fe7e6000, 0x0000000100000000)
   the space 368536K,  59% used [0x00000000e8000000, 0x00000000f57eff50, 0x00000000f57f0000, 0x00000000fe7e6000)
 Metaspace       used 3787K, capacity 4100K, committed 4352K, reserved 8192K
}
Event: 1.184 GC heap before
{Heap before GC invocations=5 (full 2):
 def new generation   total 165888K, used 147456K [0x00000000dc000000, 0x00000000e7400000, 0x00000000e8000000)
  eden space 147456K, 100% used [0x00000000dc000000, 0x00000000e5000000, 0x00000000e5000000)
  from space 18432K,   0% used [0x00000000e5000000, 0x00000000e5000000, 0x00000000e6200000)
  to   space 18432K,   0% used [0x00000000e6200000, 0x00000000e6200000, 0x00000000e7400000)
 tenured generation   total 368536K, used 221119K [0x00000000e8000000, 0x00000000fe7e6000, 0x0000000100000000)
   the space 368536K,  59% used [0x00000000e8000000, 0x00000000f57eff50, 0x00000000f57f0000, 0x00000000fe7e6000)
 Metaspace       used 3787K, capacity 4100K, committed 4352K, reserved 8192K
}
Event: 1.464 GC heap after
{Heap after GC invocations=6 (full 2):
 def new generation   total 165888K, used 18431K [0x00000000dc000000, 0x00000000e7400000, 0x00000000e8000000)
  eden space 147456K,   0% used [0x00000000dc000000, 0x00000000dc000000, 0x00000000e5000000)
  from space 18432K,  99% used [0x00000000e6200000, 0x00000000e73fffe8, 0x00000000e7400000)
  to   space 18432K,   0% used [0x00000000e5000000, 0x00000000e5000000, 0x00000000e6200000)
 tenured generation   total 368536K, used 350114K [0x00000000e8000000, 0x00000000fe7e6000, 0x0000000100000000)
   the space 368536K,  95% used [0x00000000e8000000, 0x00000000fd5e8ad8, 0x00000000fd5e8c00, 0x00000000fe7e6000)
 Metaspace       used 3787K, capacity 4100K, committed 4352K, reserved 8192K
}
Event: 1.493 GC heap before
{Heap before GC invocations=6 (full 2):
 def new generation   total 165888K, used 165887K [0x00000000dc000000, 0x00000000e7400000, 0x00000000e8000000)
  eden space 147456K, 100% used [0x00000000dc000000, 0x00000000e5000000, 0x00000000e5000000)
  from space 18432K,  99% used [0x00000000e6200000, 0x00000000e73fffe8, 0x00000000e7400000)
  to   space 18432K,   0% used [0x00000000e5000000, 0x00000000e5000000, 0x00000000e6200000)
 tenured generation   total 368536K, used 350114K [0x00000000e8000000, 0x00000000fe7e6000, 0x0000000100000000)
   the space 368536K,  95% used [0x00000000e8000000, 0x00000000fd5e8ad8, 0x00000000fd5e8c00, 0x00000000fe7e6000)
 Metaspace       used 3787K, capacity 4100K, committed 4352K, reserved 8192K
}

