# JRE version: OpenJDK Runtime Environment (11.0.4+11) (build 11.0.4+11-post-Ubuntu-1ubuntu218.04.3)
# Java VM: OpenJDK 64-Bit Server VM (11.0.4+11-post-Ubuntu-1ubuntu218.04.3, mixed mode, tiered, compressed oops, serial gc, linux-amd64)
Heap:
 def new generation   total 165888K, used 147436K [0x00000000da800000, 0x00000000e5c00000, 0x00000000e7000000)
  eden space 147456K,  99% used [0x00000000da800000, 0x00000000e37fb050, 0x00000000e3800000)
  from space 18432K,   0% used [0x00000000e4a00000, 0x00000000e4a00000, 0x00000000e5c00000)
  to   space 18432K,   0% used [0x00000000e3800000, 0x00000000e3800000, 0x00000000e4a00000)
 tenured generation   total 368536K, used 368535K [0x00000000e7000000, 0x0000000100000000, 0x0000000100000000)
   the space 368536K,  99% used [0x00000000e7000000, 0x00000000fd7e5f88, 0x00000000fd7e6000, 0x00000000fd7e6000)
 Metaspace       used 3790K, capacity 4100K, committed 4352K, reserved 8192K
GC Heap History (10 events):
Event: 0.367 GC heap after
{Heap after GC invocations=2 (full 0):
 def new generation   total 38720K, used 4287K [0x00000000da800000, 0x00000000dd200000, 0x00000000e7000000)
  eden space 34432K,   0% used [0x00000000da800000, 0x00000000da800000, 0x00000000dc9a0000)
  from space 4288K,  99% used [0x00000000dc9a0000, 0x00000000dcdcfff8, 0x00000000dcdd0000)
  to   space 4288K,   0% used [0x00000000dcdd0000, 0x00000000dcdd0000, 0x00000000dd200000)
 tenured generation   total 86016K, used 63663K [0x00000000e7000000, 0x00000000ec400000, 0x0000000100000000)
   the space 86016K,  74% used [0x00000000e7000000, 0x00000000eae2bd10, 0x00000000eae2be00, 0x00000000ec400000)
 Metaspace       used 3790K, capacity 4100K, committed 4352K, reserved 8192K
}
Event: 0.374 GC heap before
{Heap before GC invocations=2 (full 0):
 def new generation   total 38720K, used 38719K [0x00000000da800000, 0x00000000dd200000, 0x00000000e7000000)
  eden space 34432K, 100% used [0x00000000da800000, 0x00000000dc9a0000, 0x00000000dc9a0000)
  from space 4288K,  99% used [0x00000000dc9a0000, 0x00000000dcdcfff8, 0x00000000dcdd0000)
  to   space 4288K,   0% used [0x00000000dcdd0000, 0x00000000dcdd0000, 0x00000000dd200000)
 tenured generation   total 86016K, used 63663K [0x00000000e7000000, 0x00000000ec400000, 0x0000000100000000)
   the space 86016K,  74% used [0x00000000e7000000, 0x00000000eae2bd10, 0x00000000eae2be00, 0x00000000ec400000)
 Metaspace       used 3790K, capacity 4100K, committed 4352K, reserved 8192K
}
Event: 0.564 GC heap after
{Heap after GC invocations=3 (full 1):
 def new generation   total 73664K, used 4216K [0x00000000da800000, 0x00000000df7e0000, 0x00000000e7000000)
  eden space 65536K,   6% used [0x00000000da800000, 0x00000000dac1e0f8, 0x00000000de800000)
  from space 8128K,   0% used [0x00000000de800000, 0x00000000de800000, 0x00000000deff0000)
  to   space 8128K,   0% used [0x00000000deff0000, 0x00000000deff0000, 0x00000000df7e0000)
 tenured generation   total 163520K, used 98111K [0x00000000e7000000, 0x00000000f0fb0000, 0x0000000100000000)
   the space 163520K,  59% used [0x00000000e7000000, 0x00000000ecfcfe00, 0x00000000ecfcfe00, 0x00000000f0fb0000)
 Metaspace       used 3790K, capacity 4100K, committed 4352K, reserved 8192K
}
Event: 0.597 GC heap before
{Heap before GC invocations=3 (full 1):
 def new generation   total 73664K, used 65535K [0x00000000da800000, 0x00000000df7e0000, 0x00000000e7000000)
  eden space 65536K,  99% used [0x00000000da800000, 0x00000000de7ffc78, 0x00000000de800000)
  from space 8128K,   0% used [0x00000000de800000, 0x00000000de800000, 0x00000000deff0000)
  to   space 8128K,   0% used [0x00000000deff0000, 0x00000000deff0000, 0x00000000df7e0000)
 tenured generation   total 163520K, used 98111K [0x00000000e7000000, 0x00000000f0fb0000, 0x0000000100000000)
   the space 163520K,  59% used [0x00000000e7000000, 0x00000000ecfcfe00, 0x00000000ecfcfe00, 0x00000000f0fb0000)
 Metaspace       used 3790K, capacity 4100K, committed 4352K, reserved 8192K
}
Event: 0.733 GC heap after
{Heap after GC invocations=4 (full 1):
 def new generation   total 73664K, used 8127K [0x00000000da800000, 0x00000000df7e0000, 0x00000000e7000000)
  eden space 65536K,   0% used [0x00000000da800000, 0x00000000da800000, 0x00000000de800000)
  from space 8128K,  99% used [0x00000000deff0000, 0x00000000df7dfff8, 0x00000000df7e0000)
  to   space 8128K,   0% used [0x00000000de800000, 0x00000000de800000, 0x00000000deff0000)
 tenured generation   total 163520K, used 155468K [0x00000000e7000000, 0x00000000f0fb0000, 0x0000000100000000)
   the space 163520K,  95% used [0x00000000e7000000, 0x00000000f07d32a0, 0x00000000f07d3400, 0x00000000f0fb0000)
 Metaspace       used 3790K, capacity 4100K, committed 4352K, reserved 8192K
}
Event: 0.746 GC heap before
{Heap before GC invocations=4 (full 1):
 def new generation   total 73664K, used 73663K [0x00000000da800000, 0x00000000df7e0000, 0x00000000e7000000)
  eden space 65536K, 100% used [0x00000000da800000, 0x00000000de800000, 0x00000000de800000)
  from space 8128K,  99% used [0x00000000deff0000, 0x00000000df7dfff8, 0x00000000df7e0000)
  to   space 8128K,   0% used [0x00000000de800000, 0x00000000de800000, 0x00000000deff0000)
 tenured generation   total 163520K, used 155468K [0x00000000e7000000, 0x00000000f0fb0000, 0x0000000100000000)
   the space 163520K,  95% used [0x00000000e7000000, 0x00000000f07d32a0, 0x00000000f07d3400, 0x00000000f0fb0000)
 Metaspace       used 3790K, capacity 4100K, committed 4352K, reserved 8192K
}
Event: 1.169 GC heap after
{Heap after GC invocations=5 (full 2):
 def new generation   total 165888K, used 7956K [0x00000000da800000, 0x00000000e5c00000, 0x00000000e7000000)
  eden space 147456K,   5% used [0x00000000da800000, 0x00000000dafc5028, 0x00000000e3800000)
  from space 18432K,   0% used [0x00000000e3800000, 0x00000000e3800000, 0x00000000e4a00000)
  to   space 18432K,   0% used [0x00000000e4a00000, 0x00000000e4a00000, 0x00000000e5c00000)
 tenured generation   total 368536K, used 221119K [0x00000000e7000000, 0x00000000fd7e6000, 0x0000000100000000)
   the space 368536K,  59% used [0x00000000e7000000, 0x00000000f47eff50, 0x00000000f47f0000, 0x00000000fd7e6000)
 Metaspace       used 3790K, capacity 4100K, committed 4352K, reserved 8192K
}
Event: 1.243 GC heap before
{Heap before GC invocations=5 (full 2):
 def new generation   total 165888K, used 147456K [0x00000000da800000, 0x00000000e5c00000, 0x00000000e7000000)
  eden space 147456K, 100% used [0x00000000da800000, 0x00000000e3800000, 0x00000000e3800000)
  from space 18432K,   0% used [0x00000000e3800000, 0x00000000e3800000, 0x00000000e4a00000)
  to   space 18432K,   0% used [0x00000000e4a00000, 0x00000000e4a00000, 0x00000000e5c00000)
 tenured generation   total 368536K, used 221119K [0x00000000e7000000, 0x00000000fd7e6000, 0x0000000100000000)
   the space 368536K,  59% used [0x00000000e7000000, 0x00000000f47eff50, 0x00000000f47f0000, 0x00000000fd7e6000)
 Metaspace       used 3790K, capacity 4100K, committed 4352K, reserved 8192K
}
Event: 1.544 GC heap after
{Heap after GC invocations=6 (full 2):
 def new generation   total 165888K, used 18431K [0x00000000da800000, 0x00000000e5c00000, 0x00000000e7000000)
  eden space 147456K,   0% used [0x00000000da800000, 0x00000000da800000, 0x00000000e3800000)
  from space 18432K,  99% used [0x00000000e4a00000, 0x00000000e5bfffe8, 0x00000000e5c00000)
  to   space 18432K,   0% used [0x00000000e3800000, 0x00000000e3800000, 0x00000000e4a00000)
 tenured generation   total 368536K, used 350114K [0x00000000e7000000, 0x00000000fd7e6000, 0x0000000100000000)
   the space 368536K,  95% used [0x00000000e7000000, 0x00000000fc5e8ad8, 0x00000000fc5e8c00, 0x00000000fd7e6000)
 Metaspace       used 3790K, capacity 4100K, committed 4352K, reserved 8192K
}
Event: 1.572 GC heap before
{Heap before GC invocations=6 (full 2):
 def new generation   total 165888K, used 165887K [0x00000000da800000, 0x00000000e5c00000, 0x00000000e7000000)
  eden space 147456K, 100% used [0x00000000da800000, 0x00000000e3800000, 0x00000000e3800000)
  from space 18432K,  99% used [0x00000000e4a00000, 0x00000000e5bfffe8, 0x00000000e5c00000)
  to   space 18432K,   0% used [0x00000000e3800000, 0x00000000e3800000, 0x00000000e4a00000)
 tenured generation   total 368536K, used 350114K [0x00000000e7000000, 0x00000000fd7e6000, 0x0000000100000000)
   the space 368536K,  95% used [0x00000000e7000000, 0x00000000fc5e8ad8, 0x00000000fc5e8c00, 0x00000000fd7e6000)
 Metaspace       used 3790K, capacity 4100K, committed 4352K, reserved 8192K
}

